-------------------------------------------------------------------------------
Test set: io.apicurio.tests.auth.SimpleAuthIT
-------------------------------------------------------------------------------
Tests run: 1, Failures: 0, Errors: 1, Skipped: 0, Time elapsed: 5.041 s <<< FAILURE! -- in io.apicurio.tests.auth.SimpleAuthIT
io.apicurio.tests.auth.SimpleAuthIT -- Time elapsed: 5.041 s <<< ERROR!
java.lang.RuntimeException: java.util.concurrent.ExecutionException: javax.net.ssl.SSLHandshakeException: Failed to create SSL connection
	at io.kiota.http.vertx.VertXRequestAdapter.getHttpResponseMessage(VertXRequestAdapter.java:428)
	at io.kiota.http.vertx.VertXRequestAdapter.sendPrimitive(VertXRequestAdapter.java:191)
	at java.base/java.lang.reflect.Method.invoke(Method.java:569)
	at io.apicurio.registry.client.common.RegistryClientRequestAdapterFactory$RetryInvocationHandler.invoke(RegistryClientRequestAdapterFactory.java:422)
	at jdk.proxy2/jdk.proxy2.$Proxy79.sendPrimitive(Unknown Source)
	at io.apicurio.registry.rest.client.admin.rules.RulesRequestBuilder.delete(RulesRequestBuilder.java:74)
	at io.apicurio.registry.rest.client.admin.rules.RulesRequestBuilder.delete(RulesRequestBuilder.java:59)
	at io.apicurio.tests.ApicurioRegistryBaseIT.prepareRestAssured(ApicurioRegistryBaseIT.java:107)
	at java.base/java.lang.reflect.Method.invoke(Method.java:569)
	at java.base/java.util.ArrayList.forEach(ArrayList.java:1511)
Caused by: java.util.concurrent.ExecutionException: javax.net.ssl.SSLHandshakeException: Failed to create SSL connection
	at java.base/java.util.concurrent.CompletableFuture.reportGet(CompletableFuture.java:396)
	at java.base/java.util.concurrent.CompletableFuture.get(CompletableFuture.java:2073)
	at io.kiota.http.vertx.VertXRequestAdapter.getHttpResponseMessage(VertXRequestAdapter.java:424)
	... 9 more
Caused by: javax.net.ssl.SSLHandshakeException: Failed to create SSL connection
	at io.vertx.core.net.impl.ChannelProvider$1.userEventTriggered(ChannelProvider.java:136)
	at io.netty.channel.AbstractChannelHandlerContext.invokeUserEventTriggered(AbstractChannelHandlerContext.java:398)
	at io.netty.channel.AbstractChannelHandlerContext.invokeUserEventTriggered(AbstractChannelHandlerContext.java:376)
	at io.netty.channel.AbstractChannelHandlerContext.fireUserEventTriggered(AbstractChannelHandlerContext.java:368)
	at io.netty.handler.ssl.SslHandler.handleUnwrapThrowable(SslHandler.java:1403)
	at io.netty.handler.ssl.SslHandler.decodeJdkCompatible(SslHandler.java:1384)
	at io.netty.handler.ssl.SslHandler.decode(SslHandler.java:1428)
	at io.netty.handler.codec.ByteToMessageDecoder.decodeRemovalReentryProtection(ByteToMessageDecoder.java:530)
	at io.netty.handler.codec.ByteToMessageDecoder.callDecode(ByteToMessageDecoder.java:469)
	at io.netty.handler.codec.ByteToMessageDecoder.channelRead(ByteToMessageDecoder.java:290)
	at io.netty.channel.AbstractChannelHandlerContext.invokeChannelRead(AbstractChannelHandlerContext.java:444)
	at io.netty.channel.AbstractChannelHandlerContext.invokeChannelRead(AbstractChannelHandlerContext.java:420)
	at io.netty.channel.AbstractChannelHandlerContext.fireChannelRead(AbstractChannelHandlerContext.java:412)
	at io.netty.channel.DefaultChannelPipeline$HeadContext.channelRead(DefaultChannelPipeline.java:1357)
	at io.netty.channel.AbstractChannelHandlerContext.invokeChannelRead(AbstractChannelHandlerContext.java:440)
	at io.netty.channel.AbstractChannelHandlerContext.invokeChannelRead(AbstractChannelHandlerContext.java:420)
	at io.netty.channel.DefaultChannelPipeline.fireChannelRead(DefaultChannelPipeline.java:868)
	at io.netty.channel.nio.AbstractNioByteChannel$NioByteUnsafe.read(AbstractNioByteChannel.java:166)
	at io.netty.channel.nio.NioEventLoop.processSelectedKey(NioEventLoop.java:796)
	at io.netty.channel.nio.NioEventLoop.processSelectedKeysOptimized(NioEventLoop.java:732)
	at io.netty.channel.nio.NioEventLoop.processSelectedKeys(NioEventLoop.java:658)
	at io.netty.channel.nio.NioEventLoop.run(NioEventLoop.java:562)
	at io.netty.util.concurrent.SingleThreadEventExecutor$4.run(SingleThreadEventExecutor.java:998)
	at io.netty.util.internal.ThreadExecutorMap$2.run(ThreadExecutorMap.java:74)
	at io.netty.util.concurrent.FastThreadLocalRunnable.run(FastThreadLocalRunnable.java:30)
	at java.base/java.lang.Thread.run(Thread.java:840)
Caused by: javax.net.ssl.SSLHandshakeException: PKIX path validation failed: java.security.cert.CertPathValidatorException: validity check failed
	at java.base/sun.security.ssl.Alert.createSSLException(Alert.java:131)
	at java.base/sun.security.ssl.TransportContext.fatal(TransportContext.java:383)
	at java.base/sun.security.ssl.TransportContext.fatal(TransportContext.java:326)
	at java.base/sun.security.ssl.TransportContext.fatal(TransportContext.java:321)
	at java.base/sun.security.ssl.CertificateMessage$T13CertificateConsumer.checkServerCerts(CertificateMessage.java:1294)
	at java.base/sun.security.ssl.CertificateMessage$T13CertificateConsumer.onConsumeCertificate(CertificateMessage.java:1169)
	at java.base/sun.security.ssl.CertificateMessage$T13CertificateConsumer.consume(CertificateMessage.java:1112)
	at java.base/sun.security.ssl.SSLHandshake.consume(SSLHandshake.java:396)
	at java.base/sun.security.ssl.HandshakeContext.dispatch(HandshakeContext.java:481)
	at java.base/sun.security.ssl.SSLEngineImpl$DelegatedTask$DelegatedAction.run(SSLEngineImpl.java:1277)
	at java.base/sun.security.ssl.SSLEngineImpl$DelegatedTask$DelegatedAction.run(SSLEngineImpl.java:1264)
	at java.base/java.security.AccessController.doPrivileged(AccessController.java:712)
	at java.base/sun.security.ssl.SSLEngineImpl$DelegatedTask.run(SSLEngineImpl.java:1209)
	at io.netty.handler.ssl.SslHandler.runDelegatedTasks(SslHandler.java:1695)
	at io.netty.handler.ssl.SslHandler.unwrap(SslHandler.java:1541)
	at io.netty.handler.ssl.SslHandler.decodeJdkCompatible(SslHandler.java:1377)
	... 20 more
Caused by: sun.security.validator.ValidatorException: PKIX path validation failed: java.security.cert.CertPathValidatorException: validity check failed
	at java.base/sun.security.validator.PKIXValidator.doValidate(PKIXValidator.java:369)
	at java.base/sun.security.validator.PKIXValidator.engineValidate(PKIXValidator.java:275)
	at java.base/sun.security.validator.Validator.validate(Validator.java:264)
	at java.base/sun.security.ssl.X509TrustManagerImpl.checkTrusted(X509TrustManagerImpl.java:285)
	at java.base/sun.security.ssl.X509TrustManagerImpl.checkServerTrusted(X509TrustManagerImpl.java:144)
	at java.base/sun.security.ssl.CertificateMessage$T13CertificateConsumer.checkServerCerts(CertificateMessage.java:1272)
	... 31 more
Caused by: java.security.cert.CertPathValidatorException: validity check failed
	at java.base/sun.security.provider.certpath.PKIXMasterCertPathValidator.validate(PKIXMasterCertPathValidator.java:135)
	at java.base/sun.security.provider.certpath.PKIXCertPathValidator.validate(PKIXCertPathValidator.java:224)
	at java.base/sun.security.provider.certpath.PKIXCertPathValidator.validate(PKIXCertPathValidator.java:144)
	at java.base/sun.security.provider.certpath.PKIXCertPathValidator.engineValidate(PKIXCertPathValidator.java:83)
	at java.base/java.security.cert.CertPathValidator.validate(CertPathValidator.java:309)
	at java.base/sun.security.validator.PKIXValidator.doValidate(PKIXValidator.java:364)
	... 36 more
Caused by: java.security.cert.CertificateExpiredException: NotAfter: Mon Jan 05 10:07:44 UTC 2026
	at java.base/sun.security.x509.CertificateValidity.valid(CertificateValidity.java:274)
	at java.base/sun.security.x509.X509CertImpl.checkValidity(X509CertImpl.java:621)
	at java.base/sun.security.provider.certpath.BasicChecker.verifyValidity(BasicChecker.java:190)
	at java.base/sun.security.provider.certpath.BasicChecker.check(BasicChecker.java:144)
	at java.base/sun.security.provider.certpath.PKIXMasterCertPathValidator.validate(PKIXMasterCertPathValidator.java:125)
	... 41 more

