-------------------------------------------------------------------------------
Test set: io.apicurio.tests.serdes.apicurio.ProtobufSerdeIT
-------------------------------------------------------------------------------
Tests run: 17, Failures: 0, Errors: 1, Skipped: 0, Time elapsed: 63.67 s <<< FAILURE! -- in io.apicurio.tests.serdes.apicurio.ProtobufSerdeIT
io.apicurio.tests.serdes.apicurio.ProtobufSerdeIT.testFindLatestDynamicMessageProtobufType -- Time elapsed: 4.736 s <<< ERROR!
java.util.concurrent.ExecutionException: org.apache.kafka.common.errors.RecordDeserializationException: Error deserializing VALUE for partition topic-5a195809_41ef_44e9_a30e_c5c2018c2ee0-0 at offset 0. If needed, please seek past the record to continue consumption.
	at java.base/java.util.concurrent.CompletableFuture.reportGet(CompletableFuture.java:396)
	at java.base/java.util.concurrent.CompletableFuture.get(CompletableFuture.java:2096)
	at io.apicurio.tests.serdes.apicurio.KafkaSerdesTester.consumeMessages(KafkaSerdesTester.java:207)
	at io.apicurio.tests.serdes.apicurio.SimpleSerdesTesterBuilder$SimpleSerdesTester.test(SimpleSerdesTesterBuilder.java:156)
	at io.apicurio.tests.serdes.apicurio.ProtobufSerdeIT.testFindLatestDynamicMessageProtobufType(ProtobufSerdeIT.java:324)
	at java.base/java.lang.reflect.Method.invoke(Method.java:569)
	at java.base/java.util.ArrayList.forEach(ArrayList.java:1511)
	at java.base/java.util.ArrayList.forEach(ArrayList.java:1511)
Caused by: org.apache.kafka.common.errors.RecordDeserializationException: Error deserializing VALUE for partition topic-5a195809_41ef_44e9_a30e_c5c2018c2ee0-0 at offset 0. If needed, please seek past the record to continue consumption.
	at org.apache.kafka.clients.consumer.internals.CompletedFetch.newRecordDeserializationException(CompletedFetch.java:346)
	at org.apache.kafka.clients.consumer.internals.CompletedFetch.parseRecord(CompletedFetch.java:330)
	at org.apache.kafka.clients.consumer.internals.CompletedFetch.fetchRecords(CompletedFetch.java:284)
	at org.apache.kafka.clients.consumer.internals.FetchCollector.fetchRecords(FetchCollector.java:169)
	at org.apache.kafka.clients.consumer.internals.FetchCollector.collectFetch(FetchCollector.java:135)
	at org.apache.kafka.clients.consumer.internals.Fetcher.collectFetch(Fetcher.java:146)
	at org.apache.kafka.clients.consumer.internals.ClassicKafkaConsumer.pollForFetches(ClassicKafkaConsumer.java:699)
	at org.apache.kafka.clients.consumer.internals.ClassicKafkaConsumer.poll(ClassicKafkaConsumer.java:623)
	at org.apache.kafka.clients.consumer.internals.ClassicKafkaConsumer.poll(ClassicKafkaConsumer.java:596)
	at org.apache.kafka.clients.consumer.KafkaConsumer.poll(KafkaConsumer.java:874)
	at io.apicurio.tests.serdes.apicurio.KafkaSerdesTester.lambda$consumeMessages$5(KafkaSerdesTester.java:179)
	at java.base/java.util.concurrent.CompletableFuture$AsyncSupply.run(CompletableFuture.java:1768)
	at java.base/java.util.concurrent.CompletableFuture$AsyncSupply.exec(CompletableFuture.java:1760)
	at java.base/java.util.concurrent.ForkJoinTask.doExec(ForkJoinTask.java:373)
	at java.base/java.util.concurrent.ForkJoinPool$WorkQueue.topLevelExec(ForkJoinPool.java:1182)
	at java.base/java.util.concurrent.ForkJoinPool.scan(ForkJoinPool.java:1655)
	at java.base/java.util.concurrent.ForkJoinPool.runWorker(ForkJoinPool.java:1622)
	at java.base/java.util.concurrent.ForkJoinWorkerThread.run(ForkJoinWorkerThread.java:165)
Caused by: java.lang.RuntimeException: java.lang.RuntimeException: java.util.concurrent.ExecutionException: io.vertx.core.http.HttpClosedException: Connection was closed
	at io.apicurio.registry.resolver.cache.ERCache.retry(ERCache.java:246)
	at io.apicurio.registry.resolver.cache.ERCache.getValue(ERCache.java:177)
	at io.apicurio.registry.resolver.cache.ERCache.getByContentId(ERCache.java:156)
	at io.apicurio.registry.resolver.DefaultSchemaResolver.resolveSchemaByContentId(DefaultSchemaResolver.java:233)
	at io.apicurio.registry.resolver.DefaultSchemaResolver.resolveSchemaByArtifactReference(DefaultSchemaResolver.java:207)
	at io.apicurio.registry.serde.AbstractDeserializer.resolve(AbstractDeserializer.java:128)
	at io.apicurio.registry.serde.AbstractDeserializer.deserializeData(AbstractDeserializer.java:95)
	at io.apicurio.registry.serde.kafka.KafkaDeserializer.deserialize(KafkaDeserializer.java:34)
	at io.apicurio.registry.serde.kafka.KafkaDeserializer.deserialize(KafkaDeserializer.java:51)
	at io.apicurio.registry.serde.protobuf.ProtobufKafkaDeserializer.deserialize(ProtobufKafkaDeserializer.java:55)
	at io.apicurio.registry.serde.protobuf.ProtobufKafkaDeserializer.deserialize(ProtobufKafkaDeserializer.java:14)
	at org.apache.kafka.common.serialization.Deserializer.deserialize(Deserializer.java:81)
	at org.apache.kafka.clients.consumer.internals.CompletedFetch.parseRecord(CompletedFetch.java:327)
	... 16 more
Caused by: java.lang.RuntimeException: java.util.concurrent.ExecutionException: io.vertx.core.http.HttpClosedException: Connection was closed
	at io.kiota.http.vertx.VertXRequestAdapter.getHttpResponseMessage(VertXRequestAdapter.java:428)
	at io.kiota.http.vertx.VertXRequestAdapter.sendCollection(VertXRequestAdapter.java:128)
	at java.base/java.lang.reflect.Method.invoke(Method.java:569)
	at io.apicurio.registry.client.common.RegistryClientRequestAdapterFactory$RetryInvocationHandler.invoke(RegistryClientRequestAdapterFactory.java:422)
	at jdk.proxy2/jdk.proxy2.$Proxy79.sendCollection(Unknown Source)
	at io.apicurio.registry.rest.client.ids.contentids.item.references.ReferencesRequestBuilder.get(ReferencesRequestBuilder.java:61)
	at io.apicurio.registry.rest.client.ids.contentids.item.references.ReferencesRequestBuilder.get(ReferencesRequestBuilder.java:46)
	at io.apicurio.registry.resolver.client.RegistryClientFacadeImpl.getReferencesByContentId(RegistryClientFacadeImpl.java:51)
	at io.apicurio.registry.resolver.DefaultSchemaResolver.lambda$resolveSchemaByContentId$1(DefaultSchemaResolver.java:241)
	at io.apicurio.registry.resolver.cache.ERCache.lambda$getValue$0(ERCache.java:178)
	at io.apicurio.registry.resolver.cache.ERCache.retry(ERCache.java:231)
	... 28 more
Caused by: java.util.concurrent.ExecutionException: io.vertx.core.http.HttpClosedException: Connection was closed
	at java.base/java.util.concurrent.CompletableFuture.reportGet(CompletableFuture.java:396)
	at java.base/java.util.concurrent.CompletableFuture.get(CompletableFuture.java:2073)
	at io.kiota.http.vertx.VertXRequestAdapter.getHttpResponseMessage(VertXRequestAdapter.java:424)
	... 38 more
Caused by: io.vertx.core.http.HttpClosedException: Connection was closed

