-------------------------------------------------------------------------------
Test set: io.apicurio.tests.smokeTests.apicurio.ArtifactsIT
-------------------------------------------------------------------------------
Tests run: 13, Failures: 0, Errors: 1, Skipped: 0, Time elapsed: 35.06 s <<< FAILURE! -- in io.apicurio.tests.smokeTests.apicurio.ArtifactsIT
io.apicurio.tests.smokeTests.apicurio.ArtifactsIT.createAndUpdateArtifact -- Time elapsed: 1.087 s <<< ERROR!
java.lang.RuntimeException: java.util.concurrent.ExecutionException: io.vertx.core.http.HttpClosedException: Connection was closed
	at io.kiota.http.vertx.VertXRequestAdapter.getHttpResponseMessage(VertXRequestAdapter.java:437)
	at io.kiota.http.vertx.VertXRequestAdapter.sendPrimitive(VertXRequestAdapter.java:193)
	at io.apicurio.registry.rest.client.groups.item.artifacts.item.versions.item.content.ContentRequestBuilder.get(ContentRequestBuilder.java:67)
	at io.apicurio.registry.rest.client.groups.item.artifacts.item.versions.item.content.ContentRequestBuilder.get(ContentRequestBuilder.java:50)
	at io.apicurio.tests.smokeTests.apicurio.ArtifactsIT.createAndUpdateArtifact(ArtifactsIT.java:119)
	at java.base/java.lang.reflect.Method.invoke(Method.java:569)
	at java.base/java.util.ArrayList.forEach(ArrayList.java:1511)
	at java.base/java.util.ArrayList.forEach(ArrayList.java:1511)
Caused by: java.util.concurrent.ExecutionException: io.vertx.core.http.HttpClosedException: Connection was closed
	at java.base/java.util.concurrent.CompletableFuture.reportGet(CompletableFuture.java:396)
	at java.base/java.util.concurrent.CompletableFuture.get(CompletableFuture.java:2073)
	at io.kiota.http.vertx.VertXRequestAdapter.getHttpResponseMessage(VertXRequestAdapter.java:431)
	... 7 more
Caused by: io.vertx.core.http.HttpClosedException: Connection was closed

