-------------------------------------------------------------------------------
Test set: io.apicurio.tests.serdes.apicurio.JsonSchemaSerdeIT
-------------------------------------------------------------------------------
Tests run: 1, Failures: 0, Errors: 1, Skipped: 0, Time elapsed: 0.116 s <<< FAILURE! -- in io.apicurio.tests.serdes.apicurio.JsonSchemaSerdeIT
io.apicurio.tests.serdes.apicurio.JsonSchemaSerdeIT -- Time elapsed: 0.116 s <<< ERROR!
java.lang.IllegalStateException: Previous attempts to find a Docker environment failed. Will not retry. Please see logs and check configuration
	at org.testcontainers.dockerclient.DockerClientProviderStrategy.getFirstValidStrategy(DockerClientProviderStrategy.java:229)
	at org.testcontainers.DockerClientFactory.getOrInitializeStrategy(DockerClientFactory.java:154)
	at org.testcontainers.DockerClientFactory.client(DockerClientFactory.java:196)
	at org.testcontainers.DockerClientFactory$1.getDockerClient(DockerClientFactory.java:108)
	at com.github.dockerjava.api.DockerClientDelegate.authConfig(DockerClientDelegate.java:109)
	at org.testcontainers.containers.GenericContainer.start(GenericContainer.java:321)
	at io.apicurio.tests.utils.KafkaFacade.start(KafkaFacade.java:74)
	at io.apicurio.tests.utils.KafkaFacade.startIfNeeded(KafkaFacade.java:59)
	at io.apicurio.tests.serdes.apicurio.JsonSchemaSerdeIT.setupEnvironment(JsonSchemaSerdeIT.java:37)
	at java.base/java.lang.reflect.Method.invoke(Method.java:569)
	at java.base/java.util.ArrayList.forEach(ArrayList.java:1511)

