-------------------------------------------------------------------------------
Test set: io.apicurio.tests.smokeTests.apicurio.ArtifactsIT
-------------------------------------------------------------------------------
Tests run: 13, Failures: 0, Errors: 1, Skipped: 0, Time elapsed: 39.69 s <<< FAILURE! -- in io.apicurio.tests.smokeTests.apicurio.ArtifactsIT
io.apicurio.tests.smokeTests.apicurio.ArtifactsIT.createNonAvroArtifact -- Time elapsed: 0.261 s <<< ERROR!
io.apicurio.registry.rest.client.models.RuleViolationProblemDetails
	at io.apicurio.registry.rest.client.models.RuleViolationProblemDetails.createFromDiscriminatorValue(RuleViolationProblemDetails.java:62)
	at io.kiota.serialization.json.JsonParseNode.getObjectValue(JsonParseNode.java:248)
	at io.kiota.http.vertx.VertXRequestAdapter.lambda$throwIfFailedResponse$0(VertXRequestAdapter.java:398)
	at com.microsoft.kiota.ApiExceptionBuilder.<init>(ApiExceptionBuilder.java:26)
	at io.kiota.http.vertx.VertXRequestAdapter.throwIfFailedResponse(VertXRequestAdapter.java:397)
	at io.kiota.http.vertx.VertXRequestAdapter.send(VertXRequestAdapter.java:168)
	at jdk.internal.reflect.GeneratedMethodAccessor34.invoke(Unknown Source)
	at java.base/jdk.internal.reflect.DelegatingMethodAccessorImpl.invoke(DelegatingMethodAccessorImpl.java:43)
	at java.base/java.lang.reflect.Method.invoke(Method.java:569)
	at io.apicurio.registry.client.RegistryClientRequestAdapterFactory$RetryInvocationHandler.invoke(RegistryClientRequestAdapterFactory.java:188)
	at jdk.proxy2/jdk.proxy2.$Proxy67.send(Unknown Source)
	at io.apicurio.registry.rest.client.groups.item.artifacts.ArtifactsRequestBuilder.post(ArtifactsRequestBuilder.java:136)
	at io.apicurio.tests.ApicurioRegistryBaseIT.createArtifact(ApicurioRegistryBaseIT.java:195)
	at io.apicurio.tests.smokeTests.apicurio.ArtifactsIT.createNonAvroArtifact(ArtifactsIT.java:203)
	at java.base/java.lang.reflect.Method.invoke(Method.java:569)
	at java.base/java.util.ArrayList.forEach(ArrayList.java:1511)
	at java.base/java.util.ArrayList.forEach(ArrayList.java:1511)

