<?xml version="1.0" encoding="UTF-8"?>
<testsuite xmlns:xsi="http://www.w3.org/2001/XMLSchema-instance" xsi:noNamespaceSchemaLocation="https://maven.apache.org/surefire/maven-failsafe-plugin/xsd/failsafe-test-report.xsd" version="3.0.2" name="io.apicurio.tests.serdes.apicurio.AvroSerdeIT" time="122.254" tests="21" errors="0" skipped="2" failures="0">
  <properties>
[...]
</properties>
  <testcase name="testGlobalIdInHeaders" classname="io.apicurio.tests.serdes.apicurio.AvroSerdeIT" time="6.732">
    <system-out><![CDATA[**** Registry Base URL: http://registry-app-mysql.apps.ci419.apicurio-testing.org:80
**** Registry Base URL: http://registry-app-mysql.apps.ci419.apicurio-testing.org:80
2025-08-12 14:50:37,105 INFO  [io.api.tes.ser.api.AvroSerdeIT] (main) RestAssured configured with http://registry-app-mysql.apps.ci419.apicurio-testing.org:80/apis/registry/v3
2025-08-12 14:50:37,264 INFO  [io.api.tes.uti.KafkaFacade] (main) Starting kafka container
2025-08-12 14:50:37,319 INFO  [org.tes.ima.PullPolicy] (main) Image pull policy will be performed by: DefaultPullPolicy()
2025-08-12 14:50:37,322 INFO  [org.tes.uti.ImageNameSubstitutor] (main) Image name substitution will be performed by: DefaultImageNameSubstitutor (composite of 'ConfigurationFileImageNameSubstitutor' and 'PrefixingImageNameSubstitutor')
2025-08-12 14:50:37,334 INFO  [org.tes.DockerClientFactory] (main) Testcontainers version: 1.20.6
2025-08-12 14:50:37,840 INFO  [org.tes.doc.DockerClientProviderStrategy] (main) Found Docker environment with local Unix socket (unix:///var/run/docker.sock)
2025-08-12 14:50:37,849 INFO  [org.tes.DockerClientFactory] (main) Docker host IP address is localhost
2025-08-12 14:50:37,869 INFO  [org.tes.DockerClientFactory] (main) Connected to docker: 
  Server Version: 28.0.4
  API Version: 1.48
  Operating System: Ubuntu 22.04.5 LTS
  Total Memory: 7944 MB
2025-08-12 14:50:37,910 INFO  [tc.tes.11.0] (main) Pulling docker image: testcontainers/ryuk:0.11.0. Please be patient; this may take some time but only needs to be done once.
2025-08-12 14:50:38,929 INFO  [tc.tes.11.0] (docker-java-stream--1295187651) Starting to pull image
2025-08-12 14:50:38,952 INFO  [tc.tes.11.0] (docker-java-stream--1295187651) Pulling image layers:  0 pending,  0 downloaded,  0 extracted, (0 bytes/0 bytes)
2025-08-12 14:50:39,481 INFO  [tc.tes.11.0] (docker-java-stream--1295187651) Pulling image layers:  2 pending,  1 downloaded,  0 extracted, (115 KB/? MB)
2025-08-12 14:50:39,489 INFO  [tc.tes.11.0] (docker-java-stream--1295187651) Pulling image layers:  1 pending,  2 downloaded,  0 extracted, (115 KB/? MB)
2025-08-12 14:50:39,553 INFO  [tc.tes.11.0] (docker-java-stream--1295187651) Pulling image layers:  0 pending,  3 downloaded,  0 extracted, (6 MB/10 MB)
2025-08-12 14:50:39,615 INFO  [tc.tes.11.0] (docker-java-stream--1295187651) Pulling image layers:  0 pending,  3 downloaded,  1 extracted, (10 MB/10 MB)
2025-08-12 14:50:40,600 INFO  [tc.tes.11.0] (docker-java-stream--1295187651) Pulling image layers:  0 pending,  3 downloaded,  2 extracted, (10 MB/10 MB)
2025-08-12 14:50:40,643 INFO  [tc.tes.11.0] (docker-java-stream--1295187651) Pulling image layers:  0 pending,  3 downloaded,  3 extracted, (10 MB/10 MB)
2025-08-12 14:50:40,649 INFO  [tc.tes.11.0] (docker-java-stream--1295187651) Pull complete. 3 layers, pulled in 1s (downloaded 10 MB at 10 MB/s)
2025-08-12 14:50:40,649 INFO  [tc.tes.11.0] (main) Image testcontainers/ryuk:0.11.0 pull took PT2.738529056S
2025-08-12 14:50:40,678 INFO  [tc.tes.11.0] (main) Creating container for image: testcontainers/ryuk:0.11.0
2025-08-12 14:50:40,749 INFO  [tc.tes.11.0] (main) Container testcontainers/ryuk:0.11.0 is starting: 880ea4383bb31705a3b65373240f171beb9c1b20ba684f82cd5bb8b2afb71c6d
2025-08-12 14:50:41,058 INFO  [tc.tes.11.0] (main) Container testcontainers/ryuk:0.11.0 started in PT0.380066685S
2025-08-12 14:50:41,063 INFO  [org.tes.uti.RyukResourceReaper] (main) Ryuk started - will monitor and terminate Testcontainers containers on JVM exit
2025-08-12 14:50:41,063 INFO  [org.tes.DockerClientFactory] (main) Checking the system...
2025-08-12 14:50:41,063 INFO  [org.tes.DockerClientFactory] (main) ✔︎ Docker server version should be at least 1.6.0
2025-08-12 14:50:41,066 INFO  [io.str.tes.con.KafkaVersionService] (main) Latest release of Kafka is:LogicalKafkaVersionEntity{version='4.0.0', image='quay.io/strimzi-test-container/test-container:0.111.0-kafka-4.0.0'}
2025-08-12 14:50:41,066 INFO  [io.str.tes.con.KafkaVersionService] (main) Latest release of Kafka is:LogicalKafkaVersionEntity{version='4.0.0', image='quay.io/strimzi-test-container/test-container:0.111.0-kafka-4.0.0'}
2025-08-12 14:50:41,067 INFO  [io.str.tes.con.KafkaVersionService] (main) No Kafka version specified. Using latest release: 4.0.0
2025-08-12 14:50:41,071 INFO  [tc.qua.io/.111.0-k.0.0] (main) Pulling docker image: quay.io/strimzi-test-container/test-container:0.111.0-kafka-4.0.0. Please be patient; this may take some time but only needs to be done once.
2025-08-12 14:50:42,139 INFO  [tc.qua.io/.111.0-k.0.0] (docker-java-stream--29267298) Starting to pull image
2025-08-12 14:50:42,140 INFO  [tc.qua.io/.111.0-k.0.0] (docker-java-stream--29267298) Pulling image layers:  0 pending,  0 downloaded,  0 extracted, (0 bytes/0 bytes)
2025-08-12 14:50:42,861 INFO  [tc.qua.io/.111.0-k.0.0] (docker-java-stream--29267298) Pulling image layers:  6 pending,  1 downloaded,  0 extracted, (31 KB/? MB)
2025-08-12 14:50:43,196 INFO  [tc.qua.io/.111.0-k.0.0] (docker-java-stream--29267298) Pulling image layers:  5 pending,  2 downloaded,  0 extracted, (8 MB/? MB)
2025-08-12 14:50:45,444 INFO  [tc.qua.io/.111.0-k.0.0] (docker-java-stream--29267298) Pulling image layers:  4 pending,  3 downloaded,  0 extracted, (186 MB/? MB)
2025-08-12 14:50:45,484 INFO  [tc.qua.io/.111.0-k.0.0] (docker-java-stream--29267298) Pulling image layers:  3 pending,  4 downloaded,  0 extracted, (194 MB/? MB)
2025-08-12 14:50:45,730 INFO  [tc.qua.io/.111.0-k.0.0] (docker-java-stream--29267298) Pulling image layers:  2 pending,  5 downloaded,  0 extracted, (198 MB/? MB)
2025-08-12 14:50:46,370 INFO  [tc.qua.io/.111.0-k.0.0] (docker-java-stream--29267298) Pulling image layers:  1 pending,  6 downloaded,  0 extracted, (207 MB/? MB)
2025-08-12 14:50:46,498 INFO  [tc.qua.io/.111.0-k.0.0] (docker-java-stream--29267298) Pulling image layers:  1 pending,  6 downloaded,  1 extracted, (215 MB/? MB)
2025-08-12 14:50:48,227 INFO  [tc.qua.io/.111.0-k.0.0] (docker-java-stream--29267298) Pulling image layers:  0 pending,  7 downloaded,  1 extracted, (243 MB/249 MB)
2025-08-12 14:50:52,544 INFO  [tc.qua.io/.111.0-k.0.0] (docker-java-stream--29267298) Pulling image layers:  0 pending,  7 downloaded,  2 extracted, (245 MB/249 MB)
2025-08-12 14:50:52,581 INFO  [tc.qua.io/.111.0-k.0.0] (docker-java-stream--29267298) Pulling image layers:  0 pending,  7 downloaded,  3 extracted, (247 MB/249 MB)
2025-08-12 14:50:52,599 INFO  [tc.qua.io/.111.0-k.0.0] (docker-java-stream--29267298) Pulling image layers:  0 pending,  7 downloaded,  4 extracted, (247 MB/249 MB)
2025-08-12 14:50:53,703 INFO  [tc.qua.io/.111.0-k.0.0] (docker-java-stream--29267298) Pulling image layers:  0 pending,  7 downloaded,  5 extracted, (249 MB/249 MB)
2025-08-12 14:50:53,740 INFO  [tc.qua.io/.111.0-k.0.0] (docker-java-stream--29267298) Pulling image layers:  0 pending,  7 downloaded,  6 extracted, (249 MB/249 MB)
2025-08-12 14:50:53,757 INFO  [tc.qua.io/.111.0-k.0.0] (docker-java-stream--29267298) Pulling image layers:  0 pending,  7 downloaded,  7 extracted, (249 MB/249 MB)
2025-08-12 14:50:53,762 INFO  [tc.qua.io/.111.0-k.0.0] (main) Image quay.io/strimzi-test-container/test-container:0.111.0-kafka-4.0.0 pull took PT12.691295492S
2025-08-12 14:50:53,762 INFO  [tc.qua.io/.111.0-k.0.0] (docker-java-stream--29267298) Pull complete. 7 layers, pulled in 11s (downloaded 249 MB at 22 MB/s)
2025-08-12 14:50:53,765 INFO  [tc.qua.io/.111.0-k.0.0] (main) Creating container for image: quay.io/strimzi-test-container/test-container:0.111.0-kafka-4.0.0
2025-08-12 14:50:53,856 INFO  [tc.qua.io/.111.0-k.0.0] (main) Container quay.io/strimzi-test-container/test-container:0.111.0-kafka-4.0.0 is starting: ae51d56cafeb4533ebd4ab52e7b113aa7298635d0181c44cbd56a47614491300
2025-08-12 14:50:54,164 INFO  [io.str.tes.con.StrimziKafkaContainer] (main) Mapped port: 32769
2025-08-12 14:50:54,165 WARN  [io.str.tes.con.StrimziKafkaContainer] (main) Node ID is not set. Using broker ID 0 as the default node ID.
2025-08-12 14:50:54,165 INFO  [io.str.tes.con.StrimziKafkaContainer] (main) This is all advertised listeners for Kafka PLAINTEXT://localhost:32769,BROKER1://172.18.0.2:9091,CONTROLLER://broker-0:9094
2025-08-12 14:50:54,199 INFO  [io.str.tes.con.StrimziKafkaContainer] (main) New `cluster.id` has been generated: FMImeSt9THyuSk_CoOu4HQ
2025-08-12 14:50:54,201 INFO  [io.str.tes.con.StrimziKafkaContainer] (main) Copying command to 'STARTER_SCRIPT' script.
2025-08-12 14:50:59,804 INFO  [tc.qua.io/.111.0-k.0.0] (main) Container quay.io/strimzi-test-container/test-container:0.111.0-kafka-4.0.0 started in PT6.038639339S
2025-08-12 14:50:59,807 INFO  [io.api.tes.uti.TestSeparator] (main) ############################################################################
2025-08-12 14:50:59,808 INFO  [io.api.tes.uti.TestSeparator] (main) io.apicurio.tests.serdes.apicurio.AvroSerdeIT.testGlobalIdInHeaders-STARTED
2025-08-12 14:50:59,829 INFO  [org.apa.kaf.cli.adm.AdminClientConfig] (main) AdminClientConfig values: 
	auto.include.jmx.reporter = true
	bootstrap.controllers = []
	bootstrap.servers = [PLAINTEXT://localhost:32769]
	client.dns.lookup = use_all_dns_ips
	client.id = 
	connections.max.idle.ms = 10000
	default.api.timeout.ms = 60000
	enable.metrics.push = true
	metadata.max.age.ms = 300000
	metadata.recovery.strategy = none
	metric.reporters = []
	metrics.num.samples = 2
	metrics.recording.level = INFO
	metrics.sample.window.ms = 30000
	receive.buffer.bytes = 65536
	reconnect.backoff.max.ms = 1000
	reconnect.backoff.ms = 50
	request.timeout.ms = 5000
	retries = 2147483647
	retry.backoff.max.ms = 1000
	retry.backoff.ms = 100
	sasl.client.callback.handler.class = null
	sasl.jaas.config = null
	sasl.kerberos.kinit.cmd = /usr/bin/kinit
	sasl.kerberos.min.time.before.relogin = 60000
	sasl.kerberos.service.name = null
	sasl.kerberos.ticket.renew.jitter = 0.05
	sasl.kerberos.ticket.renew.window.factor = 0.8
	sasl.login.callback.handler.class = null
	sasl.login.class = null
	sasl.login.connect.timeout.ms = null
	sasl.login.read.timeout.ms = null
	sasl.login.refresh.buffer.seconds = 300
	sasl.login.refresh.min.period.seconds = 60
	sasl.login.refresh.window.factor = 0.8
	sasl.login.refresh.window.jitter = 0.05
	sasl.login.retry.backoff.max.ms = 10000
	sasl.login.retry.backoff.ms = 100
	sasl.mechanism = GSSAPI
	sasl.oauthbearer.clock.skew.seconds = 30
	sasl.oauthbearer.expected.audience = null
	sasl.oauthbearer.expected.issuer = null
	sasl.oauthbearer.header.urlencode = false
	sasl.oauthbearer.jwks.endpoint.refresh.ms = 3600000
	sasl.oauthbearer.jwks.endpoint.retry.backoff.max.ms = 10000
	sasl.oauthbearer.jwks.endpoint.retry.backoff.ms = 100
	sasl.oauthbearer.jwks.endpoint.url = null
	sasl.oauthbearer.scope.claim.name = scope
	sasl.oauthbearer.sub.claim.name = sub
	sasl.oauthbearer.token.endpoint.url = null
	security.protocol = PLAINTEXT
	security.providers = null
	send.buffer.bytes = 131072
	socket.connection.setup.timeout.max.ms = 30000
	socket.connection.setup.timeout.ms = 10000
	ssl.cipher.suites = null
	ssl.enabled.protocols = [TLSv1.2, TLSv1.3]
	ssl.endpoint.identification.algorithm = https
	ssl.engine.factory.class = null
	ssl.key.password = null
	ssl.keymanager.algorithm = SunX509
	ssl.keystore.certificate.chain = null
	ssl.keystore.key = null
	ssl.keystore.location = null
	ssl.keystore.password = null
	ssl.keystore.type = JKS
	ssl.protocol = TLSv1.3
	ssl.provider = null
	ssl.secure.random.implementation = null
	ssl.trustmanager.algorithm = PKIX
	ssl.truststore.certificates = null
	ssl.truststore.location = null
	ssl.truststore.password = null
	ssl.truststore.type = JKS

2025-08-12 14:51:00,468 INFO  [org.apa.kaf.com.uti.AppInfoParser] (main) Kafka version: 3.9.1
2025-08-12 14:51:00,468 INFO  [org.apa.kaf.com.uti.AppInfoParser] (main) Kafka commitId: f745dfdcee2b9851
2025-08-12 14:51:00,469 INFO  [org.apa.kaf.com.uti.AppInfoParser] (main) Kafka startTimeMs: 1755010260465
**** Registry Base URL: http://registry-app-mysql.apps.ci419.apicurio-testing.org:80
2025-08-12 14:51:00,532 INFO  [org.apa.kaf.cli.pro.ProducerConfig] (main) ProducerConfig values: 
	acks = -1
	auto.include.jmx.reporter = true
	batch.size = 16384
	bootstrap.servers = [PLAINTEXT://localhost:32769]
	buffer.memory = 33554432
	client.dns.lookup = use_all_dns_ips
	client.id = Producer-topic-fd5e47b9_3630_45a7_a582_52678a528302
	compression.gzip.level = -1
	compression.lz4.level = 9
	compression.type = none
	compression.zstd.level = 3
	connections.max.idle.ms = 10000
	delivery.timeout.ms = 120000
	enable.idempotence = true
	enable.metrics.push = true
	interceptor.classes = []
	key.serializer = class org.apache.kafka.common.serialization.StringSerializer
	linger.ms = 0
	max.block.ms = 60000
	max.in.flight.requests.per.connection = 5
	max.request.size = 1048576
	metadata.max.age.ms = 300000
	metadata.max.idle.ms = 300000
	metadata.recovery.strategy = none
	metric.reporters = []
	metrics.num.samples = 2
	metrics.recording.level = INFO
	metrics.sample.window.ms = 30000
	partitioner.adaptive.partitioning.enable = true
	partitioner.availability.timeout.ms = 0
	partitioner.class = null
	partitioner.ignore.keys = false
	receive.buffer.bytes = 32768
	reconnect.backoff.max.ms = 1000
	reconnect.backoff.ms = 50
	request.timeout.ms = 5000
	retries = 2147483647
	retry.backoff.max.ms = 1000
	retry.backoff.ms = 100
	sasl.client.callback.handler.class = null
	sasl.jaas.config = null
	sasl.kerberos.kinit.cmd = /usr/bin/kinit
	sasl.kerberos.min.time.before.relogin = 60000
	sasl.kerberos.service.name = null
	sasl.kerberos.ticket.renew.jitter = 0.05
	sasl.kerberos.ticket.renew.window.factor = 0.8
	sasl.login.callback.handler.class = null
	sasl.login.class = null
	sasl.login.connect.timeout.ms = null
	sasl.login.read.timeout.ms = null
	sasl.login.refresh.buffer.seconds = 300
	sasl.login.refresh.min.period.seconds = 60
	sasl.login.refresh.window.factor = 0.8
	sasl.login.refresh.window.jitter = 0.05
	sasl.login.retry.backoff.max.ms = 10000
	sasl.login.retry.backoff.ms = 100
	sasl.mechanism = GSSAPI
	sasl.oauthbearer.clock.skew.seconds = 30
	sasl.oauthbearer.expected.audience = null
	sasl.oauthbearer.expected.issuer = null
	sasl.oauthbearer.header.urlencode = false
	sasl.oauthbearer.jwks.endpoint.refresh.ms = 3600000
	sasl.oauthbearer.jwks.endpoint.retry.backoff.max.ms = 10000
	sasl.oauthbearer.jwks.endpoint.retry.backoff.ms = 100
	sasl.oauthbearer.jwks.endpoint.url = null
	sasl.oauthbearer.scope.claim.name = scope
	sasl.oauthbearer.sub.claim.name = sub
	sasl.oauthbearer.token.endpoint.url = null
	security.protocol = PLAINTEXT
	security.providers = null
	send.buffer.bytes = 131072
	socket.connection.setup.timeout.max.ms = 30000
	socket.connection.setup.timeout.ms = 10000
	ssl.cipher.suites = null
	ssl.enabled.protocols = [TLSv1.2, TLSv1.3]
	ssl.endpoint.identification.algorithm = https
	ssl.engine.factory.class = null
	ssl.key.password = null
	ssl.keymanager.algorithm = SunX509
	ssl.keystore.certificate.chain = null
	ssl.keystore.key = null
	ssl.keystore.location = null
	ssl.keystore.password = null
	ssl.keystore.type = JKS
	ssl.protocol = TLSv1.3
	ssl.provider = null
	ssl.secure.random.implementation = null
	ssl.trustmanager.algorithm = PKIX
	ssl.truststore.certificates = null
	ssl.truststore.location = null
	ssl.truststore.password = null
	ssl.truststore.type = JKS
	transaction.timeout.ms = 60000
	transactional.id = null
	value.serializer = class io.apicurio.registry.serde.avro.AvroKafkaSerializer

2025-08-12 14:51:00,573 INFO  [org.apa.kaf.com.tel.int.KafkaMetricsCollector] (main) initializing Kafka metrics collector
2025-08-12 14:51:00,600 INFO  [org.apa.kaf.cli.pro.KafkaProducer] (main) [Producer clientId=Producer-topic-fd5e47b9_3630_45a7_a582_52678a528302] Instantiated an idempotent producer.
2025-08-12 14:51:00,638 INFO  [org.apa.kaf.cli.pro.ProducerConfig] (main) These configurations '[apicurio.registry.url, apicurio.registry.auto-register, apicurio.registry.use-id, apicurio.registry.artifact-resolver-strategy]' were supplied but are not used yet.
2025-08-12 14:51:00,639 INFO  [org.apa.kaf.com.uti.AppInfoParser] (main) Kafka version: 3.9.1
2025-08-12 14:51:00,639 INFO  [org.apa.kaf.com.uti.AppInfoParser] (main) Kafka commitId: f745dfdcee2b9851
2025-08-12 14:51:00,643 INFO  [org.apa.kaf.com.uti.AppInfoParser] (main) Kafka startTimeMs: 1755010260638
2025-08-12 14:51:00,643 INFO  [io.api.tes.ser.api.SimpleSerdesTesterBuilder$SimpleSerdesTester] (main) Using producer configuration: {apicurio.registry.url=http://registry-app-mysql.apps.ci419.apicurio-testing.org:80/apis/registry/v3, apicurio.registry.auto-register=true, apicurio.registry.use-id=globalId, apicurio.registry.artifact-resolver-strategy=io.apicurio.registry.serde.strategy.TopicIdStrategy, value.serializer=io.apicurio.registry.serde.avro.AvroKafkaSerializer, request.timeout.ms=5000, acks=all, bootstrap.servers=PLAINTEXT://localhost:32769, connections.max.idle.ms=10000, key.serializer=org.apache.kafka.common.serialization.StringSerializer, client.id=Producer-topic-fd5e47b9_3630_45a7_a582_52678a528302}
2025-08-12 14:51:00,643 INFO  [io.api.tes.ser.api.SimpleSerdesTesterBuilder$SimpleSerdesTester] (main) Using consumer configuration: {apicurio.registry.use-id=globalId}
2025-08-12 14:51:00,652 INFO  [io.api.tes.ser.api.KafkaSerdesTester] (Thread-600) Sending message {"key11755010260507": "value-0"} to topic topic-fd5e47b9_3630_45a7_a582_52678a528302
2025-08-12 14:51:00,996 WARN  [org.apa.kaf.cli.NetworkClient] (kafka-producer-network-thread | Producer-topic-fd5e47b9_3630_45a7_a582_52678a528302) [Producer clientId=Producer-topic-fd5e47b9_3630_45a7_a582_52678a528302] The metadata response from the cluster reported a recoverable issue with correlation id 1 : {topic-fd5e47b9_3630_45a7_a582_52678a528302=UNKNOWN_TOPIC_OR_PARTITION}
2025-08-12 14:51:01,003 INFO  [org.apa.kaf.cli.Metadata] (kafka-producer-network-thread | Producer-topic-fd5e47b9_3630_45a7_a582_52678a528302) [Producer clientId=Producer-topic-fd5e47b9_3630_45a7_a582_52678a528302] Cluster ID: FMImeSt9THyuSk_CoOu4HQ
2025-08-12 14:51:01,129 INFO  [org.apa.kaf.cli.pro.int.TransactionManager] (kafka-producer-network-thread | Producer-topic-fd5e47b9_3630_45a7_a582_52678a528302) [Producer clientId=Producer-topic-fd5e47b9_3630_45a7_a582_52678a528302] ProducerId set to 0 with epoch 0
2025-08-12 14:51:01,437 INFO  [io.api.tes.ser.api.KafkaSerdesTester] (Thread-600) Sending message {"key11755010260507": "value-1"} to topic topic-fd5e47b9_3630_45a7_a582_52678a528302
2025-08-12 14:51:01,452 INFO  [io.api.tes.ser.api.KafkaSerdesTester] (Thread-600) Sending message {"key11755010260507": "value-2"} to topic topic-fd5e47b9_3630_45a7_a582_52678a528302
2025-08-12 14:51:01,462 INFO  [io.api.tes.ser.api.KafkaSerdesTester] (Thread-600) Sending message {"key11755010260507": "value-3"} to topic topic-fd5e47b9_3630_45a7_a582_52678a528302
2025-08-12 14:51:01,469 INFO  [io.api.tes.ser.api.KafkaSerdesTester] (Thread-600) Sending message {"key11755010260507": "value-4"} to topic topic-fd5e47b9_3630_45a7_a582_52678a528302
2025-08-12 14:51:01,476 INFO  [io.api.tes.ser.api.KafkaSerdesTester] (Thread-600) Sending message {"key11755010260507": "value-5"} to topic topic-fd5e47b9_3630_45a7_a582_52678a528302
2025-08-12 14:51:01,486 INFO  [io.api.tes.ser.api.KafkaSerdesTester] (Thread-600) Sending message {"key11755010260507": "value-6"} to topic topic-fd5e47b9_3630_45a7_a582_52678a528302
2025-08-12 14:51:01,492 INFO  [io.api.tes.ser.api.KafkaSerdesTester] (Thread-600) Sending message {"key11755010260507": "value-7"} to topic topic-fd5e47b9_3630_45a7_a582_52678a528302
2025-08-12 14:51:01,501 INFO  [io.api.tes.ser.api.KafkaSerdesTester] (Thread-600) Sending message {"key11755010260507": "value-8"} to topic topic-fd5e47b9_3630_45a7_a582_52678a528302
2025-08-12 14:51:01,506 INFO  [io.api.tes.ser.api.KafkaSerdesTester] (Thread-600) Sending message {"key11755010260507": "value-9"} to topic topic-fd5e47b9_3630_45a7_a582_52678a528302
2025-08-12 14:51:01,513 INFO  [io.api.tes.ser.api.KafkaSerdesTester] (Thread-600) Produced 10 messages
2025-08-12 14:51:01,513 INFO  [org.apa.kaf.cli.pro.KafkaProducer] (Thread-600) [Producer clientId=Producer-topic-fd5e47b9_3630_45a7_a582_52678a528302] Closing the Kafka producer with timeoutMillis = 9223372036854775807 ms.
2025-08-12 14:51:01,542 INFO  [org.apa.kaf.com.met.Metrics] (Thread-600) Metrics scheduler closed
2025-08-12 14:51:01,542 INFO  [org.apa.kaf.com.met.Metrics] (Thread-600) Closing reporter org.apache.kafka.common.metrics.JmxReporter
2025-08-12 14:51:01,543 INFO  [org.apa.kaf.com.met.Metrics] (Thread-600) Closing reporter org.apache.kafka.common.telemetry.internals.ClientTelemetryReporter
2025-08-12 14:51:01,543 INFO  [org.apa.kaf.com.met.Metrics] (Thread-600) Metrics reporters closed
2025-08-12 14:51:01,546 INFO  [org.apa.kaf.com.uti.AppInfoParser] (Thread-600) App info kafka.producer for Producer-topic-fd5e47b9_3630_45a7_a582_52678a528302 unregistered
**** Registry Base URL: http://registry-app-mysql.apps.ci419.apicurio-testing.org:80
2025-08-12 14:51:01,732 INFO  [org.apa.kaf.cli.con.ConsumerConfig] (main) ConsumerConfig values: 
	allow.auto.create.topics = true
	auto.commit.interval.ms = 500
	auto.include.jmx.reporter = true
	auto.offset.reset = earliest
	bootstrap.servers = [PLAINTEXT://localhost:32769]
	check.crcs = true
	client.dns.lookup = use_all_dns_ips
	client.id = consumer-Consumer-topic-fd5e47b9_3630_45a7_a582_52678a528302-1
	client.rack = 
	connections.max.idle.ms = 10000
	default.api.timeout.ms = 60000
	enable.auto.commit = true
	enable.metrics.push = true
	exclude.internal.topics = true
	fetch.max.bytes = 52428800
	fetch.max.wait.ms = 500
	fetch.min.bytes = 1
	group.id = Consumer-topic-fd5e47b9_3630_45a7_a582_52678a528302
	group.instance.id = null
	group.protocol = classic
	group.remote.assignor = null
	heartbeat.interval.ms = 3000
	interceptor.classes = []
	internal.leave.group.on.close = true
	internal.throw.on.fetch.stable.offset.unsupported = false
	isolation.level = read_uncommitted
	key.deserializer = class org.apache.kafka.common.serialization.StringDeserializer
	max.partition.fetch.bytes = 1048576
	max.poll.interval.ms = 300000
	max.poll.records = 500
	metadata.max.age.ms = 300000
	metadata.recovery.strategy = none
	metric.reporters = []
	metrics.num.samples = 2
	metrics.recording.level = INFO
	metrics.sample.window.ms = 30000
	partition.assignment.strategy = [class org.apache.kafka.clients.consumer.RangeAssignor, class org.apache.kafka.clients.consumer.CooperativeStickyAssignor]
	receive.buffer.bytes = 65536
	reconnect.backoff.max.ms = 1000
	reconnect.backoff.ms = 50
	request.timeout.ms = 5000
	retry.backoff.max.ms = 1000
	retry.backoff.ms = 100
	sasl.client.callback.handler.class = null
	sasl.jaas.config = null
	sasl.kerberos.kinit.cmd = /usr/bin/kinit
	sasl.kerberos.min.time.before.relogin = 60000
	sasl.kerberos.service.name = null
	sasl.kerberos.ticket.renew.jitter = 0.05
	sasl.kerberos.ticket.renew.window.factor = 0.8
	sasl.login.callback.handler.class = null
	sasl.login.class = null
	sasl.login.connect.timeout.ms = null
	sasl.login.read.timeout.ms = null
	sasl.login.refresh.buffer.seconds = 300
	sasl.login.refresh.min.period.seconds = 60
	sasl.login.refresh.window.factor = 0.8
	sasl.login.refresh.window.jitter = 0.05
	sasl.login.retry.backoff.max.ms = 10000
	sasl.login.retry.backoff.ms = 100
	sasl.mechanism = GSSAPI
	sasl.oauthbearer.clock.skew.seconds = 30
	sasl.oauthbearer.expected.audience = null
	sasl.oauthbearer.expected.issuer = null
	sasl.oauthbearer.header.urlencode = false
	sasl.oauthbearer.jwks.endpoint.refresh.ms = 3600000
	sasl.oauthbearer.jwks.endpoint.retry.backoff.max.ms = 10000
	sasl.oauthbearer.jwks.endpoint.retry.backoff.ms = 100
	sasl.oauthbearer.jwks.endpoint.url = null
	sasl.oauthbearer.scope.claim.name = scope
	sasl.oauthbearer.sub.claim.name = sub
	sasl.oauthbearer.token.endpoint.url = null
	security.protocol = PLAINTEXT
	security.providers = null
	send.buffer.bytes = 131072
	session.timeout.ms = 45000
	socket.connection.setup.timeout.max.ms = 30000
	socket.connection.setup.timeout.ms = 10000
	ssl.cipher.suites = null
	ssl.enabled.protocols = [TLSv1.2, TLSv1.3]
	ssl.endpoint.identification.algorithm = https
	ssl.engine.factory.class = null
	ssl.key.password = null
	ssl.keymanager.algorithm = SunX509
	ssl.keystore.certificate.chain = null
	ssl.keystore.key = null
	ssl.keystore.location = null
	ssl.keystore.password = null
	ssl.keystore.type = JKS
	ssl.protocol = TLSv1.3
	ssl.provider = null
	ssl.secure.random.implementation = null
	ssl.trustmanager.algorithm = PKIX
	ssl.truststore.certificates = null
	ssl.truststore.location = null
	ssl.truststore.password = null
	ssl.truststore.type = JKS
	value.deserializer = class io.apicurio.registry.serde.avro.AvroKafkaDeserializer

2025-08-12 14:51:01,744 INFO  [org.apa.kaf.com.tel.int.KafkaMetricsCollector] (main) initializing Kafka metrics collector
2025-08-12 14:51:01,800 INFO  [org.apa.kaf.cli.con.ConsumerConfig] (main) These configurations '[apicurio.registry.url, apicurio.registry.use-id]' were supplied but are not used yet.
2025-08-12 14:51:01,800 INFO  [org.apa.kaf.com.uti.AppInfoParser] (main) Kafka version: 3.9.1
2025-08-12 14:51:01,801 INFO  [org.apa.kaf.com.uti.AppInfoParser] (main) Kafka commitId: f745dfdcee2b9851
2025-08-12 14:51:01,801 INFO  [org.apa.kaf.com.uti.AppInfoParser] (main) Kafka startTimeMs: 1755010261800
2025-08-12 14:51:01,802 INFO  [org.apa.kaf.cli.con.int.ClassicKafkaConsumer] (Thread-603) [Consumer clientId=consumer-Consumer-topic-fd5e47b9_3630_45a7_a582_52678a528302-1, groupId=Consumer-topic-fd5e47b9_3630_45a7_a582_52678a528302] Subscribed to topic(s): topic-fd5e47b9_3630_45a7_a582_52678a528302
2025-08-12 14:51:01,822 INFO  [org.apa.kaf.cli.Metadata] (Thread-603) [Consumer clientId=consumer-Consumer-topic-fd5e47b9_3630_45a7_a582_52678a528302-1, groupId=Consumer-topic-fd5e47b9_3630_45a7_a582_52678a528302] Cluster ID: FMImeSt9THyuSk_CoOu4HQ
2025-08-12 14:51:01,965 INFO  [org.apa.kaf.cli.con.int.ConsumerCoordinator] (Thread-603) [Consumer clientId=consumer-Consumer-topic-fd5e47b9_3630_45a7_a582_52678a528302-1, groupId=Consumer-topic-fd5e47b9_3630_45a7_a582_52678a528302] Discovered group coordinator localhost:32769 (id: 2147483647 rack: null)
2025-08-12 14:51:01,981 INFO  [org.apa.kaf.cli.con.int.ConsumerCoordinator] (Thread-603) [Consumer clientId=consumer-Consumer-topic-fd5e47b9_3630_45a7_a582_52678a528302-1, groupId=Consumer-topic-fd5e47b9_3630_45a7_a582_52678a528302] (Re-)joining group
2025-08-12 14:51:02,046 INFO  [org.apa.kaf.cli.con.int.ConsumerCoordinator] (Thread-603) [Consumer clientId=consumer-Consumer-topic-fd5e47b9_3630_45a7_a582_52678a528302-1, groupId=Consumer-topic-fd5e47b9_3630_45a7_a582_52678a528302] Group coordinator localhost:32769 (id: 2147483647 rack: null) is unavailable or invalid due to cause: error response NOT_COORDINATOR. isDisconnected: false. Rediscovery will be attempted.
2025-08-12 14:51:02,046 INFO  [org.apa.kaf.cli.con.int.ConsumerCoordinator] (Thread-603) [Consumer clientId=consumer-Consumer-topic-fd5e47b9_3630_45a7_a582_52678a528302-1, groupId=Consumer-topic-fd5e47b9_3630_45a7_a582_52678a528302] Requesting disconnect from last known coordinator localhost:32769 (id: 2147483647 rack: null)
2025-08-12 14:51:02,046 INFO  [org.apa.kaf.cli.con.int.ConsumerCoordinator] (Thread-603) [Consumer clientId=consumer-Consumer-topic-fd5e47b9_3630_45a7_a582_52678a528302-1, groupId=Consumer-topic-fd5e47b9_3630_45a7_a582_52678a528302] JoinGroup failed: This is not the correct coordinator. Marking coordinator unknown. Sent generation was Generation{generationId=-1, memberId='', protocol='null'}
2025-08-12 14:51:02,047 INFO  [org.apa.kaf.cli.NetworkClient] (Thread-603) [Consumer clientId=consumer-Consumer-topic-fd5e47b9_3630_45a7_a582_52678a528302-1, groupId=Consumer-topic-fd5e47b9_3630_45a7_a582_52678a528302] Client requested disconnect from node 2147483647
2025-08-12 14:51:02,054 INFO  [org.apa.kaf.cli.con.int.ConsumerCoordinator] (Thread-603) [Consumer clientId=consumer-Consumer-topic-fd5e47b9_3630_45a7_a582_52678a528302-1, groupId=Consumer-topic-fd5e47b9_3630_45a7_a582_52678a528302] Discovered group coordinator localhost:32769 (id: 2147483647 rack: null)
2025-08-12 14:51:02,055 INFO  [org.apa.kaf.cli.con.int.ConsumerCoordinator] (Thread-603) [Consumer clientId=consumer-Consumer-topic-fd5e47b9_3630_45a7_a582_52678a528302-1, groupId=Consumer-topic-fd5e47b9_3630_45a7_a582_52678a528302] Group coordinator localhost:32769 (id: 2147483647 rack: null) is unavailable or invalid due to cause: coordinator unavailable. isDisconnected: false. Rediscovery will be attempted.
2025-08-12 14:51:02,055 INFO  [org.apa.kaf.cli.con.int.ConsumerCoordinator] (Thread-603) [Consumer clientId=consumer-Consumer-topic-fd5e47b9_3630_45a7_a582_52678a528302-1, groupId=Consumer-topic-fd5e47b9_3630_45a7_a582_52678a528302] Requesting disconnect from last known coordinator localhost:32769 (id: 2147483647 rack: null)
2025-08-12 14:51:02,153 INFO  [org.apa.kaf.cli.con.int.ConsumerCoordinator] (Thread-603) [Consumer clientId=consumer-Consumer-topic-fd5e47b9_3630_45a7_a582_52678a528302-1, groupId=Consumer-topic-fd5e47b9_3630_45a7_a582_52678a528302] Discovered group coordinator localhost:32769 (id: 2147483647 rack: null)
2025-08-12 14:51:02,154 INFO  [org.apa.kaf.cli.con.int.ConsumerCoordinator] (Thread-603) [Consumer clientId=consumer-Consumer-topic-fd5e47b9_3630_45a7_a582_52678a528302-1, groupId=Consumer-topic-fd5e47b9_3630_45a7_a582_52678a528302] Request joining group due to: rebalance failed due to 'This is not the correct coordinator.' (NotCoordinatorException)
2025-08-12 14:51:02,159 INFO  [org.apa.kaf.cli.con.int.ConsumerCoordinator] (Thread-603) [Consumer clientId=consumer-Consumer-topic-fd5e47b9_3630_45a7_a582_52678a528302-1, groupId=Consumer-topic-fd5e47b9_3630_45a7_a582_52678a528302] (Re-)joining group
2025-08-12 14:51:02,169 INFO  [org.apa.kaf.cli.con.int.ConsumerCoordinator] (Thread-603) [Consumer clientId=consumer-Consumer-topic-fd5e47b9_3630_45a7_a582_52678a528302-1, groupId=Consumer-topic-fd5e47b9_3630_45a7_a582_52678a528302] Group coordinator localhost:32769 (id: 2147483647 rack: null) is unavailable or invalid due to cause: error response NOT_COORDINATOR. isDisconnected: false. Rediscovery will be attempted.
2025-08-12 14:51:02,172 INFO  [org.apa.kaf.cli.con.int.ConsumerCoordinator] (Thread-603) [Consumer clientId=consumer-Consumer-topic-fd5e47b9_3630_45a7_a582_52678a528302-1, groupId=Consumer-topic-fd5e47b9_3630_45a7_a582_52678a528302] Requesting disconnect from last known coordinator localhost:32769 (id: 2147483647 rack: null)
2025-08-12 14:51:02,172 INFO  [org.apa.kaf.cli.con.int.ConsumerCoordinator] (Thread-603) [Consumer clientId=consumer-Consumer-topic-fd5e47b9_3630_45a7_a582_52678a528302-1, groupId=Consumer-topic-fd5e47b9_3630_45a7_a582_52678a528302] JoinGroup failed: This is not the correct coordinator. Marking coordinator unknown. Sent generation was Generation{generationId=-1, memberId='', protocol='null'}
2025-08-12 14:51:02,172 INFO  [org.apa.kaf.cli.NetworkClient] (Thread-603) [Consumer clientId=consumer-Consumer-topic-fd5e47b9_3630_45a7_a582_52678a528302-1, groupId=Consumer-topic-fd5e47b9_3630_45a7_a582_52678a528302] Client requested disconnect from node 2147483647
2025-08-12 14:51:02,184 INFO  [org.apa.kaf.cli.con.int.ConsumerCoordinator] (Thread-603) [Consumer clientId=consumer-Consumer-topic-fd5e47b9_3630_45a7_a582_52678a528302-1, groupId=Consumer-topic-fd5e47b9_3630_45a7_a582_52678a528302] Discovered group coordinator localhost:32769 (id: 2147483647 rack: null)
2025-08-12 14:51:02,184 INFO  [org.apa.kaf.cli.con.int.ConsumerCoordinator] (Thread-603) [Consumer clientId=consumer-Consumer-topic-fd5e47b9_3630_45a7_a582_52678a528302-1, groupId=Consumer-topic-fd5e47b9_3630_45a7_a582_52678a528302] Group coordinator localhost:32769 (id: 2147483647 rack: null) is unavailable or invalid due to cause: coordinator unavailable. isDisconnected: false. Rediscovery will be attempted.
2025-08-12 14:51:02,184 INFO  [org.apa.kaf.cli.con.int.ConsumerCoordinator] (Thread-603) [Consumer clientId=consumer-Consumer-topic-fd5e47b9_3630_45a7_a582_52678a528302-1, groupId=Consumer-topic-fd5e47b9_3630_45a7_a582_52678a528302] Requesting disconnect from last known coordinator localhost:32769 (id: 2147483647 rack: null)
2025-08-12 14:51:02,298 INFO  [org.apa.kaf.cli.con.int.ConsumerCoordinator] (Thread-603) [Consumer clientId=consumer-Consumer-topic-fd5e47b9_3630_45a7_a582_52678a528302-1, groupId=Consumer-topic-fd5e47b9_3630_45a7_a582_52678a528302] Discovered group coordinator localhost:32769 (id: 2147483647 rack: null)
2025-08-12 14:51:02,301 INFO  [org.apa.kaf.cli.con.int.ConsumerCoordinator] (Thread-603) [Consumer clientId=consumer-Consumer-topic-fd5e47b9_3630_45a7_a582_52678a528302-1, groupId=Consumer-topic-fd5e47b9_3630_45a7_a582_52678a528302] Request joining group due to: rebalance failed due to 'This is not the correct coordinator.' (NotCoordinatorException)
2025-08-12 14:51:02,304 INFO  [org.apa.kaf.cli.con.int.ConsumerCoordinator] (Thread-603) [Consumer clientId=consumer-Consumer-topic-fd5e47b9_3630_45a7_a582_52678a528302-1, groupId=Consumer-topic-fd5e47b9_3630_45a7_a582_52678a528302] (Re-)joining group
2025-08-12 14:51:02,313 INFO  [org.apa.kaf.cli.con.int.ConsumerCoordinator] (Thread-603) [Consumer clientId=consumer-Consumer-topic-fd5e47b9_3630_45a7_a582_52678a528302-1, groupId=Consumer-topic-fd5e47b9_3630_45a7_a582_52678a528302] Group coordinator localhost:32769 (id: 2147483647 rack: null) is unavailable or invalid due to cause: error response NOT_COORDINATOR. isDisconnected: false. Rediscovery will be attempted.
2025-08-12 14:51:02,314 INFO  [org.apa.kaf.cli.con.int.ConsumerCoordinator] (Thread-603) [Consumer clientId=consumer-Consumer-topic-fd5e47b9_3630_45a7_a582_52678a528302-1, groupId=Consumer-topic-fd5e47b9_3630_45a7_a582_52678a528302] Requesting disconnect from last known coordinator localhost:32769 (id: 2147483647 rack: null)
2025-08-12 14:51:02,314 INFO  [org.apa.kaf.cli.con.int.ConsumerCoordinator] (Thread-603) [Consumer clientId=consumer-Consumer-topic-fd5e47b9_3630_45a7_a582_52678a528302-1, groupId=Consumer-topic-fd5e47b9_3630_45a7_a582_52678a528302] JoinGroup failed: This is not the correct coordinator. Marking coordinator unknown. Sent generation was Generation{generationId=-1, memberId='', protocol='null'}
2025-08-12 14:51:02,314 INFO  [org.apa.kaf.cli.NetworkClient] (Thread-603) [Consumer clientId=consumer-Consumer-topic-fd5e47b9_3630_45a7_a582_52678a528302-1, groupId=Consumer-topic-fd5e47b9_3630_45a7_a582_52678a528302] Client requested disconnect from node 2147483647
2025-08-12 14:51:02,321 INFO  [org.apa.kaf.cli.con.int.ConsumerCoordinator] (Thread-603) [Consumer clientId=consumer-Consumer-topic-fd5e47b9_3630_45a7_a582_52678a528302-1, groupId=Consumer-topic-fd5e47b9_3630_45a7_a582_52678a528302] Discovered group coordinator localhost:32769 (id: 2147483647 rack: null)
2025-08-12 14:51:02,321 INFO  [org.apa.kaf.cli.con.int.ConsumerCoordinator] (Thread-603) [Consumer clientId=consumer-Consumer-topic-fd5e47b9_3630_45a7_a582_52678a528302-1, groupId=Consumer-topic-fd5e47b9_3630_45a7_a582_52678a528302] Group coordinator localhost:32769 (id: 2147483647 rack: null) is unavailable or invalid due to cause: coordinator unavailable. isDisconnected: false. Rediscovery will be attempted.
2025-08-12 14:51:02,322 INFO  [org.apa.kaf.cli.con.int.ConsumerCoordinator] (Thread-603) [Consumer clientId=consumer-Consumer-topic-fd5e47b9_3630_45a7_a582_52678a528302-1, groupId=Consumer-topic-fd5e47b9_3630_45a7_a582_52678a528302] Requesting disconnect from last known coordinator localhost:32769 (id: 2147483647 rack: null)
2025-08-12 14:51:02,444 INFO  [org.apa.kaf.cli.con.int.ConsumerCoordinator] (Thread-603) [Consumer clientId=consumer-Consumer-topic-fd5e47b9_3630_45a7_a582_52678a528302-1, groupId=Consumer-topic-fd5e47b9_3630_45a7_a582_52678a528302] Discovered group coordinator localhost:32769 (id: 2147483647 rack: null)
2025-08-12 14:51:02,445 INFO  [org.apa.kaf.cli.con.int.ConsumerCoordinator] (Thread-603) [Consumer clientId=consumer-Consumer-topic-fd5e47b9_3630_45a7_a582_52678a528302-1, groupId=Consumer-topic-fd5e47b9_3630_45a7_a582_52678a528302] Request joining group due to: rebalance failed due to 'This is not the correct coordinator.' (NotCoordinatorException)
2025-08-12 14:51:02,447 INFO  [org.apa.kaf.cli.con.int.ConsumerCoordinator] (Thread-603) [Consumer clientId=consumer-Consumer-topic-fd5e47b9_3630_45a7_a582_52678a528302-1, groupId=Consumer-topic-fd5e47b9_3630_45a7_a582_52678a528302] (Re-)joining group
2025-08-12 14:51:02,457 INFO  [org.apa.kaf.cli.con.int.ConsumerCoordinator] (Thread-603) [Consumer clientId=consumer-Consumer-topic-fd5e47b9_3630_45a7_a582_52678a528302-1, groupId=Consumer-topic-fd5e47b9_3630_45a7_a582_52678a528302] Group coordinator localhost:32769 (id: 2147483647 rack: null) is unavailable or invalid due to cause: error response NOT_COORDINATOR. isDisconnected: false. Rediscovery will be attempted.
2025-08-12 14:51:02,457 INFO  [org.apa.kaf.cli.con.int.ConsumerCoordinator] (Thread-603) [Consumer clientId=consumer-Consumer-topic-fd5e47b9_3630_45a7_a582_52678a528302-1, groupId=Consumer-topic-fd5e47b9_3630_45a7_a582_52678a528302] Requesting disconnect from last known coordinator localhost:32769 (id: 2147483647 rack: null)
2025-08-12 14:51:02,458 INFO  [org.apa.kaf.cli.con.int.ConsumerCoordinator] (Thread-603) [Consumer clientId=consumer-Consumer-topic-fd5e47b9_3630_45a7_a582_52678a528302-1, groupId=Consumer-topic-fd5e47b9_3630_45a7_a582_52678a528302] JoinGroup failed: This is not the correct coordinator. Marking coordinator unknown. Sent generation was Generation{generationId=-1, memberId='', protocol='null'}
2025-08-12 14:51:02,458 INFO  [org.apa.kaf.cli.NetworkClient] (Thread-603) [Consumer clientId=consumer-Consumer-topic-fd5e47b9_3630_45a7_a582_52678a528302-1, groupId=Consumer-topic-fd5e47b9_3630_45a7_a582_52678a528302] Client requested disconnect from node 2147483647
2025-08-12 14:51:02,462 INFO  [org.apa.kaf.cli.con.int.ConsumerCoordinator] (Thread-603) [Consumer clientId=consumer-Consumer-topic-fd5e47b9_3630_45a7_a582_52678a528302-1, groupId=Consumer-topic-fd5e47b9_3630_45a7_a582_52678a528302] Discovered group coordinator localhost:32769 (id: 2147483647 rack: null)
2025-08-12 14:51:02,462 INFO  [org.apa.kaf.cli.con.int.ConsumerCoordinator] (Thread-603) [Consumer clientId=consumer-Consumer-topic-fd5e47b9_3630_45a7_a582_52678a528302-1, groupId=Consumer-topic-fd5e47b9_3630_45a7_a582_52678a528302] Group coordinator localhost:32769 (id: 2147483647 rack: null) is unavailable or invalid due to cause: coordinator unavailable. isDisconnected: false. Rediscovery will be attempted.
2025-08-12 14:51:02,462 INFO  [org.apa.kaf.cli.con.int.ConsumerCoordinator] (Thread-603) [Consumer clientId=consumer-Consumer-topic-fd5e47b9_3630_45a7_a582_52678a528302-1, groupId=Consumer-topic-fd5e47b9_3630_45a7_a582_52678a528302] Requesting disconnect from last known coordinator localhost:32769 (id: 2147483647 rack: null)
2025-08-12 14:51:02,579 INFO  [org.apa.kaf.cli.con.int.ConsumerCoordinator] (Thread-603) [Consumer clientId=consumer-Consumer-topic-fd5e47b9_3630_45a7_a582_52678a528302-1, groupId=Consumer-topic-fd5e47b9_3630_45a7_a582_52678a528302] Discovered group coordinator localhost:32769 (id: 2147483647 rack: null)
2025-08-12 14:51:02,581 INFO  [org.apa.kaf.cli.con.int.ConsumerCoordinator] (Thread-603) [Consumer clientId=consumer-Consumer-topic-fd5e47b9_3630_45a7_a582_52678a528302-1, groupId=Consumer-topic-fd5e47b9_3630_45a7_a582_52678a528302] Request joining group due to: rebalance failed due to 'This is not the correct coordinator.' (NotCoordinatorException)
2025-08-12 14:51:02,584 INFO  [org.apa.kaf.cli.con.int.ConsumerCoordinator] (Thread-603) [Consumer clientId=consumer-Consumer-topic-fd5e47b9_3630_45a7_a582_52678a528302-1, groupId=Consumer-topic-fd5e47b9_3630_45a7_a582_52678a528302] (Re-)joining group
2025-08-12 14:51:02,616 INFO  [org.apa.kaf.cli.con.int.ConsumerCoordinator] (Thread-603) [Consumer clientId=consumer-Consumer-topic-fd5e47b9_3630_45a7_a582_52678a528302-1, groupId=Consumer-topic-fd5e47b9_3630_45a7_a582_52678a528302] Request joining group due to: need to re-join with the given member-id: consumer-Consumer-topic-fd5e47b9_3630_45a7_a582_52678a528302-1-969f2465-9697-47f4-914a-bbe6861751c6
2025-08-12 14:51:02,616 INFO  [org.apa.kaf.cli.con.int.ConsumerCoordinator] (Thread-603) [Consumer clientId=consumer-Consumer-topic-fd5e47b9_3630_45a7_a582_52678a528302-1, groupId=Consumer-topic-fd5e47b9_3630_45a7_a582_52678a528302] (Re-)joining group
2025-08-12 14:51:02,804 INFO  [io.api.tes.ser.api.KafkaSerdesTester] (Thread-603) None found
2025-08-12 14:51:03,806 INFO  [io.api.tes.ser.api.KafkaSerdesTester] (Thread-603) None found
2025-08-12 14:51:04,806 INFO  [io.api.tes.ser.api.KafkaSerdesTester] (Thread-603) None found
2025-08-12 14:51:05,644 INFO  [org.apa.kaf.cli.con.int.ConsumerCoordinator] (Thread-603) [Consumer clientId=consumer-Consumer-topic-fd5e47b9_3630_45a7_a582_52678a528302-1, groupId=Consumer-topic-fd5e47b9_3630_45a7_a582_52678a528302] Successfully joined group with generation Generation{generationId=1, memberId='consumer-Consumer-topic-fd5e47b9_3630_45a7_a582_52678a528302-1-969f2465-9697-47f4-914a-bbe6861751c6', protocol='range'}
2025-08-12 14:51:05,653 INFO  [org.apa.kaf.cli.con.int.ConsumerCoordinator] (Thread-603) [Consumer clientId=consumer-Consumer-topic-fd5e47b9_3630_45a7_a582_52678a528302-1, groupId=Consumer-topic-fd5e47b9_3630_45a7_a582_52678a528302] Finished assignment for group at generation 1: {consumer-Consumer-topic-fd5e47b9_3630_45a7_a582_52678a528302-1-969f2465-9697-47f4-914a-bbe6861751c6=Assignment(partitions=[topic-fd5e47b9_3630_45a7_a582_52678a528302-0])}
2025-08-12 14:51:05,670 INFO  [org.apa.kaf.cli.con.int.ConsumerCoordinator] (Thread-603) [Consumer clientId=consumer-Consumer-topic-fd5e47b9_3630_45a7_a582_52678a528302-1, groupId=Consumer-topic-fd5e47b9_3630_45a7_a582_52678a528302] Successfully synced group in generation Generation{generationId=1, memberId='consumer-Consumer-topic-fd5e47b9_3630_45a7_a582_52678a528302-1-969f2465-9697-47f4-914a-bbe6861751c6', protocol='range'}
2025-08-12 14:51:05,671 INFO  [org.apa.kaf.cli.con.int.ConsumerCoordinator] (Thread-603) [Consumer clientId=consumer-Consumer-topic-fd5e47b9_3630_45a7_a582_52678a528302-1, groupId=Consumer-topic-fd5e47b9_3630_45a7_a582_52678a528302] Notifying assignor about the new Assignment(partitions=[topic-fd5e47b9_3630_45a7_a582_52678a528302-0])
2025-08-12 14:51:05,674 INFO  [org.apa.kaf.cli.con.int.ConsumerRebalanceListenerInvoker] (Thread-603) [Consumer clientId=consumer-Consumer-topic-fd5e47b9_3630_45a7_a582_52678a528302-1, groupId=Consumer-topic-fd5e47b9_3630_45a7_a582_52678a528302] Adding newly assigned partitions: topic-fd5e47b9_3630_45a7_a582_52678a528302-0
2025-08-12 14:51:05,693 INFO  [org.apa.kaf.cli.con.int.ConsumerCoordinator] (Thread-603) [Consumer clientId=consumer-Consumer-topic-fd5e47b9_3630_45a7_a582_52678a528302-1, groupId=Consumer-topic-fd5e47b9_3630_45a7_a582_52678a528302] Found no committed offset for partition topic-fd5e47b9_3630_45a7_a582_52678a528302-0
2025-08-12 14:51:05,712 INFO  [org.apa.kaf.cli.con.int.SubscriptionState] (Thread-603) [Consumer clientId=consumer-Consumer-topic-fd5e47b9_3630_45a7_a582_52678a528302-1, groupId=Consumer-topic-fd5e47b9_3630_45a7_a582_52678a528302] Resetting offset for partition topic-fd5e47b9_3630_45a7_a582_52678a528302-0 to position FetchPosition{offset=0, offsetEpoch=Optional.empty, currentLeader=LeaderAndEpoch{leader=Optional[localhost:32769 (id: 0 rack: null)], epoch=0}}.
2025-08-12 14:51:06,010 INFO  [io.api.tes.ser.api.KafkaSerdesTester] (Thread-603) topic-fd5e47b9_3630_45a7_a582_52678a528302 0 0 {"key11755010260507": "value-0"}
2025-08-12 14:51:06,010 INFO  [io.api.tes.ser.api.KafkaSerdesTester] (Thread-603) topic-fd5e47b9_3630_45a7_a582_52678a528302 0 1 {"key11755010260507": "value-1"}
2025-08-12 14:51:06,010 INFO  [io.api.tes.ser.api.KafkaSerdesTester] (Thread-603) topic-fd5e47b9_3630_45a7_a582_52678a528302 0 2 {"key11755010260507": "value-2"}
2025-08-12 14:51:06,010 INFO  [io.api.tes.ser.api.KafkaSerdesTester] (Thread-603) topic-fd5e47b9_3630_45a7_a582_52678a528302 0 3 {"key11755010260507": "value-3"}
2025-08-12 14:51:06,010 INFO  [io.api.tes.ser.api.KafkaSerdesTester] (Thread-603) topic-fd5e47b9_3630_45a7_a582_52678a528302 0 4 {"key11755010260507": "value-4"}
2025-08-12 14:51:06,010 INFO  [io.api.tes.ser.api.KafkaSerdesTester] (Thread-603) topic-fd5e47b9_3630_45a7_a582_52678a528302 0 5 {"key11755010260507": "value-5"}
2025-08-12 14:51:06,010 INFO  [io.api.tes.ser.api.KafkaSerdesTester] (Thread-603) topic-fd5e47b9_3630_45a7_a582_52678a528302 0 6 {"key11755010260507": "value-6"}
2025-08-12 14:51:06,011 INFO  [io.api.tes.ser.api.KafkaSerdesTester] (Thread-603) topic-fd5e47b9_3630_45a7_a582_52678a528302 0 7 {"key11755010260507": "value-7"}
2025-08-12 14:51:06,012 INFO  [io.api.tes.ser.api.KafkaSerdesTester] (Thread-603) topic-fd5e47b9_3630_45a7_a582_52678a528302 0 8 {"key11755010260507": "value-8"}
2025-08-12 14:51:06,012 INFO  [io.api.tes.ser.api.KafkaSerdesTester] (Thread-603) topic-fd5e47b9_3630_45a7_a582_52678a528302 0 9 {"key11755010260507": "value-9"}
2025-08-12 14:51:06,012 INFO  [io.api.tes.ser.api.KafkaSerdesTester] (Thread-603) Consumed 10 messages
2025-08-12 14:51:06,047 INFO  [org.apa.kaf.cli.con.int.ConsumerRebalanceListenerInvoker] (Thread-603) [Consumer clientId=consumer-Consumer-topic-fd5e47b9_3630_45a7_a582_52678a528302-1, groupId=Consumer-topic-fd5e47b9_3630_45a7_a582_52678a528302] Revoke previously assigned partitions topic-fd5e47b9_3630_45a7_a582_52678a528302-0
2025-08-12 14:51:06,047 INFO  [org.apa.kaf.cli.con.int.ConsumerCoordinator] (Thread-603) [Consumer clientId=consumer-Consumer-topic-fd5e47b9_3630_45a7_a582_52678a528302-1, groupId=Consumer-topic-fd5e47b9_3630_45a7_a582_52678a528302] Member consumer-Consumer-topic-fd5e47b9_3630_45a7_a582_52678a528302-1-969f2465-9697-47f4-914a-bbe6861751c6 sending LeaveGroup request to coordinator localhost:32769 (id: 2147483647 rack: null) due to the consumer is being closed
2025-08-12 14:51:06,048 INFO  [org.apa.kaf.cli.con.int.ConsumerCoordinator] (Thread-603) [Consumer clientId=consumer-Consumer-topic-fd5e47b9_3630_45a7_a582_52678a528302-1, groupId=Consumer-topic-fd5e47b9_3630_45a7_a582_52678a528302] Resetting generation and member id due to: consumer pro-actively leaving the group
2025-08-12 14:51:06,048 INFO  [org.apa.kaf.cli.con.int.ConsumerCoordinator] (Thread-603) [Consumer clientId=consumer-Consumer-topic-fd5e47b9_3630_45a7_a582_52678a528302-1, groupId=Consumer-topic-fd5e47b9_3630_45a7_a582_52678a528302] Request joining group due to: consumer pro-actively leaving the group
2025-08-12 14:51:06,528 INFO  [org.apa.kaf.com.met.Metrics] (Thread-603) Metrics scheduler closed
2025-08-12 14:51:06,529 INFO  [org.apa.kaf.com.met.Metrics] (Thread-603) Closing reporter org.apache.kafka.common.metrics.JmxReporter
2025-08-12 14:51:06,529 INFO  [org.apa.kaf.com.met.Metrics] (Thread-603) Closing reporter org.apache.kafka.common.telemetry.internals.ClientTelemetryReporter
2025-08-12 14:51:06,529 INFO  [org.apa.kaf.com.met.Metrics] (Thread-603) Metrics reporters closed
2025-08-12 14:51:06,536 INFO  [org.apa.kaf.com.uti.AppInfoParser] (Thread-603) App info kafka.consumer for consumer-Consumer-topic-fd5e47b9_3630_45a7_a582_52678a528302-1 unregistered
2025-08-12 14:51:06,536 INFO  [io.api.tes.uti.TestSeparator] (main) io.apicurio.tests.serdes.apicurio.AvroSerdeIT.testGlobalIdInHeaders-FINISHED
2025-08-12 14:51:06,536 INFO  [io.api.tes.uti.TestSeparator] (main) ############################################################################
Test passed: testGlobalIdInHeaders
]]></system-out>
  </testcase>
  <testcase name="testSimpleTopicIdStrategyFindLatest" classname="io.apicurio.tests.serdes.apicurio.AvroSerdeIT" time="5.444">
    <system-out><![CDATA[2025-08-12 14:51:06,541 INFO  [io.api.tes.uti.TestSeparator] (main) ############################################################################
2025-08-12 14:51:06,541 INFO  [io.api.tes.uti.TestSeparator] (main) io.apicurio.tests.serdes.apicurio.AvroSerdeIT.testSimpleTopicIdStrategyFindLatest-STARTED
2025-08-12 14:51:06,542 INFO  [io.api.tes.ser.api.AvroSerdeIT] (main) Registering Avro Schema: {"type":"record","name":"myrecordapicurio1","fields":[{"name":"key11755010266541","type":"string"}]}
**** Registry Base URL: http://registry-app-mysql.apps.ci419.apicurio-testing.org:80
2025-08-12 14:51:07,759 INFO  [org.apa.kaf.cli.pro.ProducerConfig] (main) ProducerConfig values: 
	acks = -1
	auto.include.jmx.reporter = true
	batch.size = 16384
	bootstrap.servers = [PLAINTEXT://localhost:32769]
	buffer.memory = 33554432
	client.dns.lookup = use_all_dns_ips
	client.id = Producer-topic-a38f8995_9d9c_46fc_bb97_2e5e0b52f353
	compression.gzip.level = -1
	compression.lz4.level = 9
	compression.type = none
	compression.zstd.level = 3
	connections.max.idle.ms = 10000
	delivery.timeout.ms = 120000
	enable.idempotence = true
	enable.metrics.push = true
	interceptor.classes = []
	key.serializer = class org.apache.kafka.common.serialization.StringSerializer
	linger.ms = 0
	max.block.ms = 60000
	max.in.flight.requests.per.connection = 5
	max.request.size = 1048576
	metadata.max.age.ms = 300000
	metadata.max.idle.ms = 300000
	metadata.recovery.strategy = none
	metric.reporters = []
	metrics.num.samples = 2
	metrics.recording.level = INFO
	metrics.sample.window.ms = 30000
	partitioner.adaptive.partitioning.enable = true
	partitioner.availability.timeout.ms = 0
	partitioner.class = null
	partitioner.ignore.keys = false
	receive.buffer.bytes = 32768
	reconnect.backoff.max.ms = 1000
	reconnect.backoff.ms = 50
	request.timeout.ms = 5000
	retries = 2147483647
	retry.backoff.max.ms = 1000
	retry.backoff.ms = 100
	sasl.client.callback.handler.class = null
	sasl.jaas.config = null
	sasl.kerberos.kinit.cmd = /usr/bin/kinit
	sasl.kerberos.min.time.before.relogin = 60000
	sasl.kerberos.service.name = null
	sasl.kerberos.ticket.renew.jitter = 0.05
	sasl.kerberos.ticket.renew.window.factor = 0.8
	sasl.login.callback.handler.class = null
	sasl.login.class = null
	sasl.login.connect.timeout.ms = null
	sasl.login.read.timeout.ms = null
	sasl.login.refresh.buffer.seconds = 300
	sasl.login.refresh.min.period.seconds = 60
	sasl.login.refresh.window.factor = 0.8
	sasl.login.refresh.window.jitter = 0.05
	sasl.login.retry.backoff.max.ms = 10000
	sasl.login.retry.backoff.ms = 100
	sasl.mechanism = GSSAPI
	sasl.oauthbearer.clock.skew.seconds = 30
	sasl.oauthbearer.expected.audience = null
	sasl.oauthbearer.expected.issuer = null
	sasl.oauthbearer.header.urlencode = false
	sasl.oauthbearer.jwks.endpoint.refresh.ms = 3600000
	sasl.oauthbearer.jwks.endpoint.retry.backoff.max.ms = 10000
	sasl.oauthbearer.jwks.endpoint.retry.backoff.ms = 100
	sasl.oauthbearer.jwks.endpoint.url = null
	sasl.oauthbearer.scope.claim.name = scope
	sasl.oauthbearer.sub.claim.name = sub
	sasl.oauthbearer.token.endpoint.url = null
	security.protocol = PLAINTEXT
	security.providers = null
	send.buffer.bytes = 131072
	socket.connection.setup.timeout.max.ms = 30000
	socket.connection.setup.timeout.ms = 10000
	ssl.cipher.suites = null
	ssl.enabled.protocols = [TLSv1.2, TLSv1.3]
	ssl.endpoint.identification.algorithm = https
	ssl.engine.factory.class = null
	ssl.key.password = null
	ssl.keymanager.algorithm = SunX509
	ssl.keystore.certificate.chain = null
	ssl.keystore.key = null
	ssl.keystore.location = null
	ssl.keystore.password = null
	ssl.keystore.type = JKS
	ssl.protocol = TLSv1.3
	ssl.provider = null
	ssl.secure.random.implementation = null
	ssl.trustmanager.algorithm = PKIX
	ssl.truststore.certificates = null
	ssl.truststore.location = null
	ssl.truststore.password = null
	ssl.truststore.type = JKS
	transaction.timeout.ms = 60000
	transactional.id = null
	value.serializer = class io.apicurio.registry.serde.avro.AvroKafkaSerializer

2025-08-12 14:51:07,759 INFO  [org.apa.kaf.com.tel.int.KafkaMetricsCollector] (main) initializing Kafka metrics collector
2025-08-12 14:51:07,764 INFO  [org.apa.kaf.cli.pro.KafkaProducer] (main) [Producer clientId=Producer-topic-a38f8995_9d9c_46fc_bb97_2e5e0b52f353] Instantiated an idempotent producer.
2025-08-12 14:51:07,768 INFO  [org.apa.kaf.cli.pro.ProducerConfig] (main) These configurations '[apicurio.registry.find-latest, apicurio.registry.artifact.group-id, apicurio.registry.url, apicurio.registry.artifact-resolver-strategy]' were supplied but are not used yet.
2025-08-12 14:51:07,768 INFO  [org.apa.kaf.com.uti.AppInfoParser] (main) Kafka version: 3.9.1
2025-08-12 14:51:07,768 INFO  [org.apa.kaf.com.uti.AppInfoParser] (main) Kafka commitId: f745dfdcee2b9851
2025-08-12 14:51:07,769 INFO  [org.apa.kaf.com.uti.AppInfoParser] (main) Kafka startTimeMs: 1755010267768
2025-08-12 14:51:07,769 INFO  [io.api.tes.ser.api.SimpleSerdesTesterBuilder$SimpleSerdesTester] (main) Using producer configuration: {apicurio.registry.find-latest=true, apicurio.registry.artifact.group-id=topic-a38f8995_9d9c_46fc_bb97_2e5e0b52f353, apicurio.registry.url=http://registry-app-mysql.apps.ci419.apicurio-testing.org:80/apis/registry/v3, apicurio.registry.artifact-resolver-strategy=io.apicurio.registry.serde.strategy.SimpleTopicIdStrategy, value.serializer=io.apicurio.registry.serde.avro.AvroKafkaSerializer, request.timeout.ms=5000, acks=all, bootstrap.servers=PLAINTEXT://localhost:32769, connections.max.idle.ms=10000, key.serializer=org.apache.kafka.common.serialization.StringSerializer, client.id=Producer-topic-a38f8995_9d9c_46fc_bb97_2e5e0b52f353}
2025-08-12 14:51:07,769 INFO  [io.api.tes.ser.api.SimpleSerdesTesterBuilder$SimpleSerdesTester] (main) Using consumer configuration: {}
2025-08-12 14:51:07,771 INFO  [io.api.tes.ser.api.KafkaSerdesTester] (Thread-606) Sending message {"key11755010266541": "value-0"} to topic topic-a38f8995_9d9c_46fc_bb97_2e5e0b52f353
2025-08-12 14:51:07,777 INFO  [org.apa.kaf.cli.Metadata] (kafka-producer-network-thread | Producer-topic-a38f8995_9d9c_46fc_bb97_2e5e0b52f353) [Producer clientId=Producer-topic-a38f8995_9d9c_46fc_bb97_2e5e0b52f353] Cluster ID: FMImeSt9THyuSk_CoOu4HQ
2025-08-12 14:51:07,778 INFO  [org.apa.kaf.cli.pro.int.TransactionManager] (kafka-producer-network-thread | Producer-topic-a38f8995_9d9c_46fc_bb97_2e5e0b52f353) [Producer clientId=Producer-topic-a38f8995_9d9c_46fc_bb97_2e5e0b52f353] ProducerId set to 1 with epoch 0
2025-08-12 14:51:08,124 INFO  [io.api.tes.ser.api.KafkaSerdesTester] (Thread-606) Sending message {"key11755010266541": "value-1"} to topic topic-a38f8995_9d9c_46fc_bb97_2e5e0b52f353
2025-08-12 14:51:08,130 INFO  [io.api.tes.ser.api.KafkaSerdesTester] (Thread-606) Sending message {"key11755010266541": "value-2"} to topic topic-a38f8995_9d9c_46fc_bb97_2e5e0b52f353
2025-08-12 14:51:08,132 INFO  [io.api.tes.ser.api.KafkaSerdesTester] (Thread-606) Sending message {"key11755010266541": "value-3"} to topic topic-a38f8995_9d9c_46fc_bb97_2e5e0b52f353
2025-08-12 14:51:08,135 INFO  [io.api.tes.ser.api.KafkaSerdesTester] (Thread-606) Sending message {"key11755010266541": "value-4"} to topic topic-a38f8995_9d9c_46fc_bb97_2e5e0b52f353
2025-08-12 14:51:08,138 INFO  [io.api.tes.ser.api.KafkaSerdesTester] (Thread-606) Sending message {"key11755010266541": "value-5"} to topic topic-a38f8995_9d9c_46fc_bb97_2e5e0b52f353
2025-08-12 14:51:08,140 INFO  [io.api.tes.ser.api.KafkaSerdesTester] (Thread-606) Sending message {"key11755010266541": "value-6"} to topic topic-a38f8995_9d9c_46fc_bb97_2e5e0b52f353
2025-08-12 14:51:08,145 INFO  [io.api.tes.ser.api.KafkaSerdesTester] (Thread-606) Sending message {"key11755010266541": "value-7"} to topic topic-a38f8995_9d9c_46fc_bb97_2e5e0b52f353
2025-08-12 14:51:08,147 INFO  [io.api.tes.ser.api.KafkaSerdesTester] (Thread-606) Sending message {"key11755010266541": "value-8"} to topic topic-a38f8995_9d9c_46fc_bb97_2e5e0b52f353
2025-08-12 14:51:08,153 INFO  [io.api.tes.ser.api.KafkaSerdesTester] (Thread-606) Sending message {"key11755010266541": "value-9"} to topic topic-a38f8995_9d9c_46fc_bb97_2e5e0b52f353
2025-08-12 14:51:08,156 INFO  [io.api.tes.ser.api.KafkaSerdesTester] (Thread-606) Produced 10 messages
2025-08-12 14:51:08,156 INFO  [org.apa.kaf.cli.pro.KafkaProducer] (Thread-606) [Producer clientId=Producer-topic-a38f8995_9d9c_46fc_bb97_2e5e0b52f353] Closing the Kafka producer with timeoutMillis = 9223372036854775807 ms.
2025-08-12 14:51:08,167 INFO  [org.apa.kaf.com.met.Metrics] (Thread-606) Metrics scheduler closed
2025-08-12 14:51:08,167 INFO  [org.apa.kaf.com.met.Metrics] (Thread-606) Closing reporter org.apache.kafka.common.metrics.JmxReporter
2025-08-12 14:51:08,167 INFO  [org.apa.kaf.com.met.Metrics] (Thread-606) Closing reporter org.apache.kafka.common.telemetry.internals.ClientTelemetryReporter
2025-08-12 14:51:08,167 INFO  [org.apa.kaf.com.met.Metrics] (Thread-606) Metrics reporters closed
2025-08-12 14:51:08,167 INFO  [org.apa.kaf.com.uti.AppInfoParser] (Thread-606) App info kafka.producer for Producer-topic-a38f8995_9d9c_46fc_bb97_2e5e0b52f353 unregistered
**** Registry Base URL: http://registry-app-mysql.apps.ci419.apicurio-testing.org:80
2025-08-12 14:51:08,168 INFO  [org.apa.kaf.cli.con.ConsumerConfig] (main) ConsumerConfig values: 
	allow.auto.create.topics = true
	auto.commit.interval.ms = 500
	auto.include.jmx.reporter = true
	auto.offset.reset = earliest
	bootstrap.servers = [PLAINTEXT://localhost:32769]
	check.crcs = true
	client.dns.lookup = use_all_dns_ips
	client.id = consumer-Consumer-topic-a38f8995_9d9c_46fc_bb97_2e5e0b52f353-2
	client.rack = 
	connections.max.idle.ms = 10000
	default.api.timeout.ms = 60000
	enable.auto.commit = true
	enable.metrics.push = true
	exclude.internal.topics = true
	fetch.max.bytes = 52428800
	fetch.max.wait.ms = 500
	fetch.min.bytes = 1
	group.id = Consumer-topic-a38f8995_9d9c_46fc_bb97_2e5e0b52f353
	group.instance.id = null
	group.protocol = classic
	group.remote.assignor = null
	heartbeat.interval.ms = 3000
	interceptor.classes = []
	internal.leave.group.on.close = true
	internal.throw.on.fetch.stable.offset.unsupported = false
	isolation.level = read_uncommitted
	key.deserializer = class org.apache.kafka.common.serialization.StringDeserializer
	max.partition.fetch.bytes = 1048576
	max.poll.interval.ms = 300000
	max.poll.records = 500
	metadata.max.age.ms = 300000
	metadata.recovery.strategy = none
	metric.reporters = []
	metrics.num.samples = 2
	metrics.recording.level = INFO
	metrics.sample.window.ms = 30000
	partition.assignment.strategy = [class org.apache.kafka.clients.consumer.RangeAssignor, class org.apache.kafka.clients.consumer.CooperativeStickyAssignor]
	receive.buffer.bytes = 65536
	reconnect.backoff.max.ms = 1000
	reconnect.backoff.ms = 50
	request.timeout.ms = 5000
	retry.backoff.max.ms = 1000
	retry.backoff.ms = 100
	sasl.client.callback.handler.class = null
	sasl.jaas.config = null
	sasl.kerberos.kinit.cmd = /usr/bin/kinit
	sasl.kerberos.min.time.before.relogin = 60000
	sasl.kerberos.service.name = null
	sasl.kerberos.ticket.renew.jitter = 0.05
	sasl.kerberos.ticket.renew.window.factor = 0.8
	sasl.login.callback.handler.class = null
	sasl.login.class = null
	sasl.login.connect.timeout.ms = null
	sasl.login.read.timeout.ms = null
	sasl.login.refresh.buffer.seconds = 300
	sasl.login.refresh.min.period.seconds = 60
	sasl.login.refresh.window.factor = 0.8
	sasl.login.refresh.window.jitter = 0.05
	sasl.login.retry.backoff.max.ms = 10000
	sasl.login.retry.backoff.ms = 100
	sasl.mechanism = GSSAPI
	sasl.oauthbearer.clock.skew.seconds = 30
	sasl.oauthbearer.expected.audience = null
	sasl.oauthbearer.expected.issuer = null
	sasl.oauthbearer.header.urlencode = false
	sasl.oauthbearer.jwks.endpoint.refresh.ms = 3600000
	sasl.oauthbearer.jwks.endpoint.retry.backoff.max.ms = 10000
	sasl.oauthbearer.jwks.endpoint.retry.backoff.ms = 100
	sasl.oauthbearer.jwks.endpoint.url = null
	sasl.oauthbearer.scope.claim.name = scope
	sasl.oauthbearer.sub.claim.name = sub
	sasl.oauthbearer.token.endpoint.url = null
	security.protocol = PLAINTEXT
	security.providers = null
	send.buffer.bytes = 131072
	session.timeout.ms = 45000
	socket.connection.setup.timeout.max.ms = 30000
	socket.connection.setup.timeout.ms = 10000
	ssl.cipher.suites = null
	ssl.enabled.protocols = [TLSv1.2, TLSv1.3]
	ssl.endpoint.identification.algorithm = https
	ssl.engine.factory.class = null
	ssl.key.password = null
	ssl.keymanager.algorithm = SunX509
	ssl.keystore.certificate.chain = null
	ssl.keystore.key = null
	ssl.keystore.location = null
	ssl.keystore.password = null
	ssl.keystore.type = JKS
	ssl.protocol = TLSv1.3
	ssl.provider = null
	ssl.secure.random.implementation = null
	ssl.trustmanager.algorithm = PKIX
	ssl.truststore.certificates = null
	ssl.truststore.location = null
	ssl.truststore.password = null
	ssl.truststore.type = JKS
	value.deserializer = class io.apicurio.registry.serde.avro.AvroKafkaDeserializer

2025-08-12 14:51:08,169 INFO  [org.apa.kaf.com.tel.int.KafkaMetricsCollector] (main) initializing Kafka metrics collector
2025-08-12 14:51:08,183 INFO  [org.apa.kaf.cli.con.ConsumerConfig] (main) These configurations '[apicurio.registry.url]' were supplied but are not used yet.
2025-08-12 14:51:08,184 INFO  [org.apa.kaf.com.uti.AppInfoParser] (main) Kafka version: 3.9.1
2025-08-12 14:51:08,184 INFO  [org.apa.kaf.com.uti.AppInfoParser] (main) Kafka commitId: f745dfdcee2b9851
2025-08-12 14:51:08,184 INFO  [org.apa.kaf.com.uti.AppInfoParser] (main) Kafka startTimeMs: 1755010268183
2025-08-12 14:51:08,184 INFO  [org.apa.kaf.cli.con.int.ClassicKafkaConsumer] (Thread-609) [Consumer clientId=consumer-Consumer-topic-a38f8995_9d9c_46fc_bb97_2e5e0b52f353-2, groupId=Consumer-topic-a38f8995_9d9c_46fc_bb97_2e5e0b52f353] Subscribed to topic(s): topic-a38f8995_9d9c_46fc_bb97_2e5e0b52f353
2025-08-12 14:51:08,193 INFO  [org.apa.kaf.cli.Metadata] (Thread-609) [Consumer clientId=consumer-Consumer-topic-a38f8995_9d9c_46fc_bb97_2e5e0b52f353-2, groupId=Consumer-topic-a38f8995_9d9c_46fc_bb97_2e5e0b52f353] Cluster ID: FMImeSt9THyuSk_CoOu4HQ
2025-08-12 14:51:08,197 INFO  [org.apa.kaf.cli.con.int.ConsumerCoordinator] (Thread-609) [Consumer clientId=consumer-Consumer-topic-a38f8995_9d9c_46fc_bb97_2e5e0b52f353-2, groupId=Consumer-topic-a38f8995_9d9c_46fc_bb97_2e5e0b52f353] Discovered group coordinator localhost:32769 (id: 2147483647 rack: null)
2025-08-12 14:51:08,201 INFO  [org.apa.kaf.cli.con.int.ConsumerCoordinator] (Thread-609) [Consumer clientId=consumer-Consumer-topic-a38f8995_9d9c_46fc_bb97_2e5e0b52f353-2, groupId=Consumer-topic-a38f8995_9d9c_46fc_bb97_2e5e0b52f353] (Re-)joining group
2025-08-12 14:51:08,206 INFO  [org.apa.kaf.cli.con.int.ConsumerCoordinator] (Thread-609) [Consumer clientId=consumer-Consumer-topic-a38f8995_9d9c_46fc_bb97_2e5e0b52f353-2, groupId=Consumer-topic-a38f8995_9d9c_46fc_bb97_2e5e0b52f353] Request joining group due to: need to re-join with the given member-id: consumer-Consumer-topic-a38f8995_9d9c_46fc_bb97_2e5e0b52f353-2-5ce8be9a-ebfd-4c44-9c29-499d10f68d8f
2025-08-12 14:51:08,206 INFO  [org.apa.kaf.cli.con.int.ConsumerCoordinator] (Thread-609) [Consumer clientId=consumer-Consumer-topic-a38f8995_9d9c_46fc_bb97_2e5e0b52f353-2, groupId=Consumer-topic-a38f8995_9d9c_46fc_bb97_2e5e0b52f353] (Re-)joining group
2025-08-12 14:51:09,184 INFO  [io.api.tes.ser.api.KafkaSerdesTester] (Thread-609) None found
2025-08-12 14:51:10,184 INFO  [io.api.tes.ser.api.KafkaSerdesTester] (Thread-609) None found
2025-08-12 14:51:11,184 INFO  [io.api.tes.ser.api.KafkaSerdesTester] (Thread-609) None found
2025-08-12 14:51:11,208 INFO  [org.apa.kaf.cli.con.int.ConsumerCoordinator] (Thread-609) [Consumer clientId=consumer-Consumer-topic-a38f8995_9d9c_46fc_bb97_2e5e0b52f353-2, groupId=Consumer-topic-a38f8995_9d9c_46fc_bb97_2e5e0b52f353] Successfully joined group with generation Generation{generationId=1, memberId='consumer-Consumer-topic-a38f8995_9d9c_46fc_bb97_2e5e0b52f353-2-5ce8be9a-ebfd-4c44-9c29-499d10f68d8f', protocol='range'}
2025-08-12 14:51:11,209 INFO  [org.apa.kaf.cli.con.int.ConsumerCoordinator] (Thread-609) [Consumer clientId=consumer-Consumer-topic-a38f8995_9d9c_46fc_bb97_2e5e0b52f353-2, groupId=Consumer-topic-a38f8995_9d9c_46fc_bb97_2e5e0b52f353] Finished assignment for group at generation 1: {consumer-Consumer-topic-a38f8995_9d9c_46fc_bb97_2e5e0b52f353-2-5ce8be9a-ebfd-4c44-9c29-499d10f68d8f=Assignment(partitions=[topic-a38f8995_9d9c_46fc_bb97_2e5e0b52f353-0])}
2025-08-12 14:51:11,217 INFO  [org.apa.kaf.cli.con.int.ConsumerCoordinator] (Thread-609) [Consumer clientId=consumer-Consumer-topic-a38f8995_9d9c_46fc_bb97_2e5e0b52f353-2, groupId=Consumer-topic-a38f8995_9d9c_46fc_bb97_2e5e0b52f353] Successfully synced group in generation Generation{generationId=1, memberId='consumer-Consumer-topic-a38f8995_9d9c_46fc_bb97_2e5e0b52f353-2-5ce8be9a-ebfd-4c44-9c29-499d10f68d8f', protocol='range'}
2025-08-12 14:51:11,218 INFO  [org.apa.kaf.cli.con.int.ConsumerCoordinator] (Thread-609) [Consumer clientId=consumer-Consumer-topic-a38f8995_9d9c_46fc_bb97_2e5e0b52f353-2, groupId=Consumer-topic-a38f8995_9d9c_46fc_bb97_2e5e0b52f353] Notifying assignor about the new Assignment(partitions=[topic-a38f8995_9d9c_46fc_bb97_2e5e0b52f353-0])
2025-08-12 14:51:11,218 INFO  [org.apa.kaf.cli.con.int.ConsumerRebalanceListenerInvoker] (Thread-609) [Consumer clientId=consumer-Consumer-topic-a38f8995_9d9c_46fc_bb97_2e5e0b52f353-2, groupId=Consumer-topic-a38f8995_9d9c_46fc_bb97_2e5e0b52f353] Adding newly assigned partitions: topic-a38f8995_9d9c_46fc_bb97_2e5e0b52f353-0
2025-08-12 14:51:11,220 INFO  [org.apa.kaf.cli.con.int.ConsumerCoordinator] (Thread-609) [Consumer clientId=consumer-Consumer-topic-a38f8995_9d9c_46fc_bb97_2e5e0b52f353-2, groupId=Consumer-topic-a38f8995_9d9c_46fc_bb97_2e5e0b52f353] Found no committed offset for partition topic-a38f8995_9d9c_46fc_bb97_2e5e0b52f353-0
2025-08-12 14:51:11,226 INFO  [org.apa.kaf.cli.con.int.SubscriptionState] (Thread-609) [Consumer clientId=consumer-Consumer-topic-a38f8995_9d9c_46fc_bb97_2e5e0b52f353-2, groupId=Consumer-topic-a38f8995_9d9c_46fc_bb97_2e5e0b52f353] Resetting offset for partition topic-a38f8995_9d9c_46fc_bb97_2e5e0b52f353-0 to position FetchPosition{offset=0, offsetEpoch=Optional.empty, currentLeader=LeaderAndEpoch{leader=Optional[localhost:32769 (id: 0 rack: null)], epoch=0}}.
2025-08-12 14:51:11,464 INFO  [io.api.tes.ser.api.KafkaSerdesTester] (Thread-609) topic-a38f8995_9d9c_46fc_bb97_2e5e0b52f353 0 0 {"key11755010266541": "value-0"}
2025-08-12 14:51:11,464 INFO  [io.api.tes.ser.api.KafkaSerdesTester] (Thread-609) topic-a38f8995_9d9c_46fc_bb97_2e5e0b52f353 0 1 {"key11755010266541": "value-1"}
2025-08-12 14:51:11,464 INFO  [io.api.tes.ser.api.KafkaSerdesTester] (Thread-609) topic-a38f8995_9d9c_46fc_bb97_2e5e0b52f353 0 2 {"key11755010266541": "value-2"}
2025-08-12 14:51:11,465 INFO  [io.api.tes.ser.api.KafkaSerdesTester] (Thread-609) topic-a38f8995_9d9c_46fc_bb97_2e5e0b52f353 0 3 {"key11755010266541": "value-3"}
2025-08-12 14:51:11,465 INFO  [io.api.tes.ser.api.KafkaSerdesTester] (Thread-609) topic-a38f8995_9d9c_46fc_bb97_2e5e0b52f353 0 4 {"key11755010266541": "value-4"}
2025-08-12 14:51:11,465 INFO  [io.api.tes.ser.api.KafkaSerdesTester] (Thread-609) topic-a38f8995_9d9c_46fc_bb97_2e5e0b52f353 0 5 {"key11755010266541": "value-5"}
2025-08-12 14:51:11,465 INFO  [io.api.tes.ser.api.KafkaSerdesTester] (Thread-609) topic-a38f8995_9d9c_46fc_bb97_2e5e0b52f353 0 6 {"key11755010266541": "value-6"}
2025-08-12 14:51:11,466 INFO  [io.api.tes.ser.api.KafkaSerdesTester] (Thread-609) topic-a38f8995_9d9c_46fc_bb97_2e5e0b52f353 0 7 {"key11755010266541": "value-7"}
2025-08-12 14:51:11,466 INFO  [io.api.tes.ser.api.KafkaSerdesTester] (Thread-609) topic-a38f8995_9d9c_46fc_bb97_2e5e0b52f353 0 8 {"key11755010266541": "value-8"}
2025-08-12 14:51:11,466 INFO  [io.api.tes.ser.api.KafkaSerdesTester] (Thread-609) topic-a38f8995_9d9c_46fc_bb97_2e5e0b52f353 0 9 {"key11755010266541": "value-9"}
2025-08-12 14:51:11,466 INFO  [io.api.tes.ser.api.KafkaSerdesTester] (Thread-609) Consumed 10 messages
2025-08-12 14:51:11,476 INFO  [org.apa.kaf.cli.con.int.ConsumerRebalanceListenerInvoker] (Thread-609) [Consumer clientId=consumer-Consumer-topic-a38f8995_9d9c_46fc_bb97_2e5e0b52f353-2, groupId=Consumer-topic-a38f8995_9d9c_46fc_bb97_2e5e0b52f353] Revoke previously assigned partitions topic-a38f8995_9d9c_46fc_bb97_2e5e0b52f353-0
2025-08-12 14:51:11,476 INFO  [org.apa.kaf.cli.con.int.ConsumerCoordinator] (Thread-609) [Consumer clientId=consumer-Consumer-topic-a38f8995_9d9c_46fc_bb97_2e5e0b52f353-2, groupId=Consumer-topic-a38f8995_9d9c_46fc_bb97_2e5e0b52f353] Member consumer-Consumer-topic-a38f8995_9d9c_46fc_bb97_2e5e0b52f353-2-5ce8be9a-ebfd-4c44-9c29-499d10f68d8f sending LeaveGroup request to coordinator localhost:32769 (id: 2147483647 rack: null) due to the consumer is being closed
2025-08-12 14:51:11,479 INFO  [org.apa.kaf.cli.con.int.ConsumerCoordinator] (Thread-609) [Consumer clientId=consumer-Consumer-topic-a38f8995_9d9c_46fc_bb97_2e5e0b52f353-2, groupId=Consumer-topic-a38f8995_9d9c_46fc_bb97_2e5e0b52f353] Resetting generation and member id due to: consumer pro-actively leaving the group
2025-08-12 14:51:11,479 INFO  [org.apa.kaf.cli.con.int.ConsumerCoordinator] (Thread-609) [Consumer clientId=consumer-Consumer-topic-a38f8995_9d9c_46fc_bb97_2e5e0b52f353-2, groupId=Consumer-topic-a38f8995_9d9c_46fc_bb97_2e5e0b52f353] Request joining group due to: consumer pro-actively leaving the group
2025-08-12 14:51:11,972 INFO  [org.apa.kaf.com.met.Metrics] (Thread-609) Metrics scheduler closed
2025-08-12 14:51:11,972 INFO  [org.apa.kaf.com.met.Metrics] (Thread-609) Closing reporter org.apache.kafka.common.metrics.JmxReporter
2025-08-12 14:51:11,972 INFO  [org.apa.kaf.com.met.Metrics] (Thread-609) Closing reporter org.apache.kafka.common.telemetry.internals.ClientTelemetryReporter
2025-08-12 14:51:11,973 INFO  [org.apa.kaf.com.met.Metrics] (Thread-609) Metrics reporters closed
2025-08-12 14:51:11,978 INFO  [org.apa.kaf.com.uti.AppInfoParser] (Thread-609) App info kafka.consumer for consumer-Consumer-topic-a38f8995_9d9c_46fc_bb97_2e5e0b52f353-2 unregistered
2025-08-12 14:51:11,980 INFO  [io.api.tes.uti.TestSeparator] (main) io.apicurio.tests.serdes.apicurio.AvroSerdeIT.testSimpleTopicIdStrategyFindLatest-FINISHED
2025-08-12 14:51:11,980 INFO  [io.api.tes.uti.TestSeparator] (main) ############################################################################
Test passed: testSimpleTopicIdStrategyFindLatest
]]></system-out>
  </testcase>
  <testcase name="testWrongSchema" classname="io.apicurio.tests.serdes.apicurio.AvroSerdeIT" time="1.434">
    <system-out><![CDATA[2025-08-12 14:51:11,983 INFO  [io.api.tes.uti.TestSeparator] (main) ############################################################################
2025-08-12 14:51:11,983 INFO  [io.api.tes.uti.TestSeparator] (main) io.apicurio.tests.serdes.apicurio.AvroSerdeIT.testWrongSchema-STARTED
**** Registry Base URL: http://registry-app-mysql.apps.ci419.apicurio-testing.org:80
2025-08-12 14:51:13,198 INFO  [org.apa.kaf.cli.pro.ProducerConfig] (main) ProducerConfig values: 
	acks = -1
	auto.include.jmx.reporter = true
	batch.size = 16384
	bootstrap.servers = [PLAINTEXT://localhost:32769]
	buffer.memory = 33554432
	client.dns.lookup = use_all_dns_ips
	client.id = Producer-s99b71c28x883dx4279x9fdcx34fd4bb7d4bc
	compression.gzip.level = -1
	compression.lz4.level = 9
	compression.type = none
	compression.zstd.level = 3
	connections.max.idle.ms = 10000
	delivery.timeout.ms = 120000
	enable.idempotence = true
	enable.metrics.push = true
	interceptor.classes = []
	key.serializer = class org.apache.kafka.common.serialization.StringSerializer
	linger.ms = 0
	max.block.ms = 60000
	max.in.flight.requests.per.connection = 5
	max.request.size = 1048576
	metadata.max.age.ms = 300000
	metadata.max.idle.ms = 300000
	metadata.recovery.strategy = none
	metric.reporters = []
	metrics.num.samples = 2
	metrics.recording.level = INFO
	metrics.sample.window.ms = 30000
	partitioner.adaptive.partitioning.enable = true
	partitioner.availability.timeout.ms = 0
	partitioner.class = null
	partitioner.ignore.keys = false
	receive.buffer.bytes = 32768
	reconnect.backoff.max.ms = 1000
	reconnect.backoff.ms = 50
	request.timeout.ms = 5000
	retries = 2147483647
	retry.backoff.max.ms = 1000
	retry.backoff.ms = 100
	sasl.client.callback.handler.class = null
	sasl.jaas.config = null
	sasl.kerberos.kinit.cmd = /usr/bin/kinit
	sasl.kerberos.min.time.before.relogin = 60000
	sasl.kerberos.service.name = null
	sasl.kerberos.ticket.renew.jitter = 0.05
	sasl.kerberos.ticket.renew.window.factor = 0.8
	sasl.login.callback.handler.class = null
	sasl.login.class = null
	sasl.login.connect.timeout.ms = null
	sasl.login.read.timeout.ms = null
	sasl.login.refresh.buffer.seconds = 300
	sasl.login.refresh.min.period.seconds = 60
	sasl.login.refresh.window.factor = 0.8
	sasl.login.refresh.window.jitter = 0.05
	sasl.login.retry.backoff.max.ms = 10000
	sasl.login.retry.backoff.ms = 100
	sasl.mechanism = GSSAPI
	sasl.oauthbearer.clock.skew.seconds = 30
	sasl.oauthbearer.expected.audience = null
	sasl.oauthbearer.expected.issuer = null
	sasl.oauthbearer.header.urlencode = false
	sasl.oauthbearer.jwks.endpoint.refresh.ms = 3600000
	sasl.oauthbearer.jwks.endpoint.retry.backoff.max.ms = 10000
	sasl.oauthbearer.jwks.endpoint.retry.backoff.ms = 100
	sasl.oauthbearer.jwks.endpoint.url = null
	sasl.oauthbearer.scope.claim.name = scope
	sasl.oauthbearer.sub.claim.name = sub
	sasl.oauthbearer.token.endpoint.url = null
	security.protocol = PLAINTEXT
	security.providers = null
	send.buffer.bytes = 131072
	socket.connection.setup.timeout.max.ms = 30000
	socket.connection.setup.timeout.ms = 10000
	ssl.cipher.suites = null
	ssl.enabled.protocols = [TLSv1.2, TLSv1.3]
	ssl.endpoint.identification.algorithm = https
	ssl.engine.factory.class = null
	ssl.key.password = null
	ssl.keymanager.algorithm = SunX509
	ssl.keystore.certificate.chain = null
	ssl.keystore.key = null
	ssl.keystore.location = null
	ssl.keystore.password = null
	ssl.keystore.type = JKS
	ssl.protocol = TLSv1.3
	ssl.provider = null
	ssl.secure.random.implementation = null
	ssl.trustmanager.algorithm = PKIX
	ssl.truststore.certificates = null
	ssl.truststore.location = null
	ssl.truststore.password = null
	ssl.truststore.type = JKS
	transaction.timeout.ms = 60000
	transactional.id = null
	value.serializer = class io.apicurio.registry.serde.avro.AvroKafkaSerializer

2025-08-12 14:51:13,199 INFO  [org.apa.kaf.com.tel.int.KafkaMetricsCollector] (main) initializing Kafka metrics collector
2025-08-12 14:51:13,203 INFO  [org.apa.kaf.cli.pro.KafkaProducer] (main) [Producer clientId=Producer-s99b71c28x883dx4279x9fdcx34fd4bb7d4bc] Instantiated an idempotent producer.
2025-08-12 14:51:13,208 INFO  [org.apa.kaf.cli.pro.ProducerConfig] (main) These configurations '[apicurio.registry.find-latest, apicurio.registry.url, apicurio.registry.artifact-resolver-strategy]' were supplied but are not used yet.
2025-08-12 14:51:13,208 INFO  [org.apa.kaf.com.uti.AppInfoParser] (main) Kafka version: 3.9.1
2025-08-12 14:51:13,208 INFO  [org.apa.kaf.com.uti.AppInfoParser] (main) Kafka commitId: f745dfdcee2b9851
2025-08-12 14:51:13,208 INFO  [org.apa.kaf.com.uti.AppInfoParser] (main) Kafka startTimeMs: 1755010273208
2025-08-12 14:51:13,211 INFO  [io.api.tes.ser.api.KafkaSerdesTester] (Thread-612) Sending message {"keyB": "value-0"} to topic s99b71c28x883dx4279x9fdcx34fd4bb7d4bc
2025-08-12 14:51:13,219 INFO  [org.apa.kaf.cli.Metadata] (kafka-producer-network-thread | Producer-s99b71c28x883dx4279x9fdcx34fd4bb7d4bc) [Producer clientId=Producer-s99b71c28x883dx4279x9fdcx34fd4bb7d4bc] Cluster ID: FMImeSt9THyuSk_CoOu4HQ
2025-08-12 14:51:13,221 INFO  [org.apa.kaf.cli.pro.int.TransactionManager] (kafka-producer-network-thread | Producer-s99b71c28x883dx4279x9fdcx34fd4bb7d4bc) [Producer clientId=Producer-s99b71c28x883dx4279x9fdcx34fd4bb7d4bc] ProducerId set to 2 with epoch 0
2025-08-12 14:51:13,393 INFO  [org.apa.kaf.cli.pro.KafkaProducer] (Thread-612) [Producer clientId=Producer-s99b71c28x883dx4279x9fdcx34fd4bb7d4bc] Closing the Kafka producer with timeoutMillis = 9223372036854775807 ms.
2025-08-12 14:51:13,413 INFO  [org.apa.kaf.com.met.Metrics] (Thread-612) Metrics scheduler closed
2025-08-12 14:51:13,414 INFO  [org.apa.kaf.com.met.Metrics] (Thread-612) Closing reporter org.apache.kafka.common.metrics.JmxReporter
2025-08-12 14:51:13,414 INFO  [org.apa.kaf.com.met.Metrics] (Thread-612) Closing reporter org.apache.kafka.common.telemetry.internals.ClientTelemetryReporter
2025-08-12 14:51:13,414 INFO  [org.apa.kaf.com.met.Metrics] (Thread-612) Metrics reporters closed
2025-08-12 14:51:13,414 INFO  [org.apa.kaf.com.uti.AppInfoParser] (Thread-612) App info kafka.producer for Producer-s99b71c28x883dx4279x9fdcx34fd4bb7d4bc unregistered
2025-08-12 14:51:13,416 INFO  [io.api.tes.uti.TestSeparator] (main) io.apicurio.tests.serdes.apicurio.AvroSerdeIT.testWrongSchema-FINISHED
2025-08-12 14:51:13,416 INFO  [io.api.tes.uti.TestSeparator] (main) ############################################################################
Test passed: testWrongSchema
]]></system-out>
    <system-err><![CDATA[io.apicurio.registry.rest.client.models.ProblemDetails
	at io.apicurio.registry.rest.client.models.ProblemDetails.createFromDiscriminatorValue(ProblemDetails.java:58)
	at io.kiota.serialization.json.JsonParseNode.getObjectValue(JsonParseNode.java:247)
	at io.kiota.http.vertx.VertXRequestAdapter.lambda$throwIfFailedResponse$0(VertXRequestAdapter.java:400)
	at com.microsoft.kiota.ApiExceptionBuilder.<init>(ApiExceptionBuilder.java:26)
	at io.kiota.http.vertx.VertXRequestAdapter.throwIfFailedResponse(VertXRequestAdapter.java:399)
	at io.kiota.http.vertx.VertXRequestAdapter.send(VertXRequestAdapter.java:170)
	at io.apicurio.registry.rest.client.groups.item.artifacts.item.versions.item.WithVersionExpressionItemRequestBuilder.get(WithVersionExpressionItemRequestBuilder.java:128)
	at io.apicurio.registry.rest.client.groups.item.artifacts.item.versions.item.WithVersionExpressionItemRequestBuilder.get(WithVersionExpressionItemRequestBuilder.java:111)
	at io.apicurio.registry.resolver.client.RegistryClientFacadeImpl.getVersionCoordinatesByGAV(RegistryClientFacadeImpl.java:159)
	at io.apicurio.registry.resolver.DefaultSchemaResolver.resolveByCoordinates(DefaultSchemaResolver.java:352)
	at io.apicurio.registry.resolver.DefaultSchemaResolver.lambda$resolveSchemaByArtifactReferenceCached$6(DefaultSchemaResolver.java:340)
	at io.apicurio.registry.resolver.cache.ERCache.lambda$getValue$0(ERCache.java:174)
	at io.apicurio.registry.resolver.cache.ERCache.retry(ERCache.java:227)
	at io.apicurio.registry.resolver.cache.ERCache.getValue(ERCache.java:173)
	at io.apicurio.registry.resolver.cache.ERCache.getByArtifactCoordinates(ERCache.java:158)
	at io.apicurio.registry.resolver.DefaultSchemaResolver.resolveSchemaByArtifactReferenceCached(DefaultSchemaResolver.java:338)
	at io.apicurio.registry.resolver.DefaultSchemaResolver.resolveSchemaByCoordinates(DefaultSchemaResolver.java:193)
	at io.apicurio.registry.resolver.DefaultSchemaResolver.getSchemaFromRegistry(DefaultSchemaResolver.java:130)
	at io.apicurio.registry.resolver.DefaultSchemaResolver.lambda$resolveSchema$0(DefaultSchemaResolver.java:84)
	at java.base/java.util.Optional.orElseGet(Optional.java:364)
[...]
	ssl.cipher.suites = null
	ssl.enabled.protocols = [TLSv1.2, TLSv1.3]
	ssl.endpoint.identification.algorithm = https
	ssl.engine.factory.class = null
	ssl.key.password = null
	ssl.keymanager.algorithm = SunX509
	ssl.keystore.certificate.chain = null
	ssl.keystore.key = null
	ssl.keystore.location = null
	ssl.keystore.password = null
	ssl.keystore.type = JKS
	ssl.protocol = TLSv1.3
	ssl.provider = null
	ssl.secure.random.implementation = null
	ssl.trustmanager.algorithm = PKIX
	ssl.truststore.certificates = null
	ssl.truststore.location = null
	ssl.truststore.password = null
	ssl.truststore.type = JKS
	transaction.timeout.ms = 60000
	transactional.id = null
	value.serializer = class io.apicurio.registry.serde.avro.AvroKafkaSerializer

2025-08-12 14:52:34,960 INFO  [org.apa.kaf.com.tel.int.KafkaMetricsCollector] (main) initializing Kafka metrics collector
2025-08-12 14:52:34,970 INFO  [org.apa.kaf.cli.pro.KafkaProducer] (main) [Producer clientId=Producer-topic-05443c01_b9a9_4621_8adc_7b81504b48f1] Instantiated an idempotent producer.
2025-08-12 14:52:34,972 INFO  [org.apa.kaf.cli.pro.ProducerConfig] (main) These configurations '[apicurio.registry.url, apicurio.registry.auto-register, apicurio.registry.use-id, apicurio.registry.artifact-resolver-strategy]' were supplied but are not used yet.
2025-08-12 14:52:34,972 INFO  [org.apa.kaf.com.uti.AppInfoParser] (main) Kafka version: 3.9.1
2025-08-12 14:52:34,972 INFO  [org.apa.kaf.com.uti.AppInfoParser] (main) Kafka commitId: f745dfdcee2b9851
2025-08-12 14:52:34,972 INFO  [org.apa.kaf.com.uti.AppInfoParser] (main) Kafka startTimeMs: 1755010354972
2025-08-12 14:52:34,972 INFO  [io.api.tes.ser.api.SimpleSerdesTesterBuilder$SimpleSerdesTester] (main) Using producer configuration: {apicurio.registry.url=http://registry-app-mysql.apps.ci419.apicurio-testing.org:80/apis/registry/v3, apicurio.registry.auto-register=true, apicurio.registry.use-id=globalId, apicurio.registry.artifact-resolver-strategy=io.apicurio.registry.serde.strategy.TopicIdStrategy, value.serializer=io.apicurio.registry.serde.avro.AvroKafkaSerializer, request.timeout.ms=5000, acks=all, bootstrap.servers=PLAINTEXT://localhost:32769, connections.max.idle.ms=10000, key.serializer=org.apache.kafka.common.serialization.StringSerializer, client.id=Producer-topic-05443c01_b9a9_4621_8adc_7b81504b48f1}
2025-08-12 14:52:34,972 INFO  [io.api.tes.ser.api.SimpleSerdesTesterBuilder$SimpleSerdesTester] (main) Using consumer configuration: {apicurio.registry.use-id=globalId}
2025-08-12 14:52:34,975 INFO  [io.api.tes.ser.api.KafkaSerdesTester] (Thread-741) Sending message {"key11755010354953": "value-0"} to topic topic-05443c01_b9a9_4621_8adc_7b81504b48f1
2025-08-12 14:52:34,980 WARN  [org.apa.kaf.cli.NetworkClient] (kafka-producer-network-thread | Producer-topic-05443c01_b9a9_4621_8adc_7b81504b48f1) [Producer clientId=Producer-topic-05443c01_b9a9_4621_8adc_7b81504b48f1] The metadata response from the cluster reported a recoverable issue with correlation id 1 : {topic-05443c01_b9a9_4621_8adc_7b81504b48f1=UNKNOWN_TOPIC_OR_PARTITION}
2025-08-12 14:52:34,980 INFO  [org.apa.kaf.cli.Metadata] (kafka-producer-network-thread | Producer-topic-05443c01_b9a9_4621_8adc_7b81504b48f1) [Producer clientId=Producer-topic-05443c01_b9a9_4621_8adc_7b81504b48f1] Cluster ID: FMImeSt9THyuSk_CoOu4HQ
2025-08-12 14:52:34,981 INFO  [org.apa.kaf.cli.pro.int.TransactionManager] (kafka-producer-network-thread | Producer-topic-05443c01_b9a9_4621_8adc_7b81504b48f1) [Producer clientId=Producer-topic-05443c01_b9a9_4621_8adc_7b81504b48f1] ProducerId set to 25 with epoch 0
2025-08-12 14:52:35,289 INFO  [io.api.tes.ser.api.KafkaSerdesTester] (Thread-741) Sending message {"key11755010354953": "value-1"} to topic topic-05443c01_b9a9_4621_8adc_7b81504b48f1
2025-08-12 14:52:35,290 INFO  [io.api.tes.ser.api.KafkaSerdesTester] (Thread-741) Sending message {"key11755010354953": "value-2"} to topic topic-05443c01_b9a9_4621_8adc_7b81504b48f1
2025-08-12 14:52:35,292 INFO  [io.api.tes.ser.api.KafkaSerdesTester] (Thread-741) Sending message {"key11755010354953": "value-3"} to topic topic-05443c01_b9a9_4621_8adc_7b81504b48f1
2025-08-12 14:52:35,293 INFO  [io.api.tes.ser.api.KafkaSerdesTester] (Thread-741) Sending message {"key11755010354953": "value-4"} to topic topic-05443c01_b9a9_4621_8adc_7b81504b48f1
2025-08-12 14:52:35,294 INFO  [io.api.tes.ser.api.KafkaSerdesTester] (Thread-741) Sending message {"key11755010354953": "value-5"} to topic topic-05443c01_b9a9_4621_8adc_7b81504b48f1
2025-08-12 14:52:35,300 INFO  [io.api.tes.ser.api.KafkaSerdesTester] (Thread-741) Sending message {"key11755010354953": "value-6"} to topic topic-05443c01_b9a9_4621_8adc_7b81504b48f1
2025-08-12 14:52:35,301 INFO  [io.api.tes.ser.api.KafkaSerdesTester] (Thread-741) Sending message {"key11755010354953": "value-7"} to topic topic-05443c01_b9a9_4621_8adc_7b81504b48f1
2025-08-12 14:52:35,302 INFO  [io.api.tes.ser.api.KafkaSerdesTester] (Thread-741) Sending message {"key11755010354953": "value-8"} to topic topic-05443c01_b9a9_4621_8adc_7b81504b48f1
2025-08-12 14:52:35,305 INFO  [io.api.tes.ser.api.KafkaSerdesTester] (Thread-741) Sending message {"key11755010354953": "value-9"} to topic topic-05443c01_b9a9_4621_8adc_7b81504b48f1
2025-08-12 14:52:35,307 INFO  [io.api.tes.ser.api.KafkaSerdesTester] (Thread-741) Produced 10 messages
2025-08-12 14:52:35,307 INFO  [org.apa.kaf.cli.pro.KafkaProducer] (Thread-741) [Producer clientId=Producer-topic-05443c01_b9a9_4621_8adc_7b81504b48f1] Closing the Kafka producer with timeoutMillis = 9223372036854775807 ms.
2025-08-12 14:52:35,309 INFO  [org.apa.kaf.com.met.Metrics] (Thread-741) Metrics scheduler closed
2025-08-12 14:52:35,309 INFO  [org.apa.kaf.com.met.Metrics] (Thread-741) Closing reporter org.apache.kafka.common.metrics.JmxReporter
2025-08-12 14:52:35,309 INFO  [org.apa.kaf.com.met.Metrics] (Thread-741) Closing reporter org.apache.kafka.common.telemetry.internals.ClientTelemetryReporter
2025-08-12 14:52:35,309 INFO  [org.apa.kaf.com.met.Metrics] (Thread-741) Metrics reporters closed
2025-08-12 14:52:35,309 INFO  [org.apa.kaf.com.uti.AppInfoParser] (Thread-741) App info kafka.producer for Producer-topic-05443c01_b9a9_4621_8adc_7b81504b48f1 unregistered
**** Registry Base URL: http://registry-app-mysql.apps.ci419.apicurio-testing.org:80
2025-08-12 14:52:35,467 INFO  [org.apa.kaf.cli.con.ConsumerConfig] (main) ConsumerConfig values: 
	allow.auto.create.topics = true
	auto.commit.interval.ms = 500
	auto.include.jmx.reporter = true
	auto.offset.reset = earliest
	bootstrap.servers = [PLAINTEXT://localhost:32769]
	check.crcs = true
	client.dns.lookup = use_all_dns_ips
	client.id = consumer-Consumer-topic-05443c01_b9a9_4621_8adc_7b81504b48f1-18
	client.rack = 
	connections.max.idle.ms = 10000
	default.api.timeout.ms = 60000
	enable.auto.commit = true
	enable.metrics.push = true
	exclude.internal.topics = true
	fetch.max.bytes = 52428800
	fetch.max.wait.ms = 500
	fetch.min.bytes = 1
	group.id = Consumer-topic-05443c01_b9a9_4621_8adc_7b81504b48f1
	group.instance.id = null
	group.protocol = classic
	group.remote.assignor = null
	heartbeat.interval.ms = 3000
	interceptor.classes = []
	internal.leave.group.on.close = true
	internal.throw.on.fetch.stable.offset.unsupported = false
	isolation.level = read_uncommitted
	key.deserializer = class org.apache.kafka.common.serialization.StringDeserializer
	max.partition.fetch.bytes = 1048576
	max.poll.interval.ms = 300000
	max.poll.records = 500
	metadata.max.age.ms = 300000
	metadata.recovery.strategy = none
	metric.reporters = []
	metrics.num.samples = 2
	metrics.recording.level = INFO
	metrics.sample.window.ms = 30000
	partition.assignment.strategy = [class org.apache.kafka.clients.consumer.RangeAssignor, class org.apache.kafka.clients.consumer.CooperativeStickyAssignor]
	receive.buffer.bytes = 65536
	reconnect.backoff.max.ms = 1000
	reconnect.backoff.ms = 50
	request.timeout.ms = 5000
	retry.backoff.max.ms = 1000
	retry.backoff.ms = 100
	sasl.client.callback.handler.class = null
	sasl.jaas.config = null
	sasl.kerberos.kinit.cmd = /usr/bin/kinit
	sasl.kerberos.min.time.before.relogin = 60000
	sasl.kerberos.service.name = null
	sasl.kerberos.ticket.renew.jitter = 0.05
	sasl.kerberos.ticket.renew.window.factor = 0.8
	sasl.login.callback.handler.class = null
	sasl.login.class = null
	sasl.login.connect.timeout.ms = null
	sasl.login.read.timeout.ms = null
	sasl.login.refresh.buffer.seconds = 300
	sasl.login.refresh.min.period.seconds = 60
	sasl.login.refresh.window.factor = 0.8
	sasl.login.refresh.window.jitter = 0.05
	sasl.login.retry.backoff.max.ms = 10000
	sasl.login.retry.backoff.ms = 100
	sasl.mechanism = GSSAPI
	sasl.oauthbearer.clock.skew.seconds = 30
	sasl.oauthbearer.expected.audience = null
	sasl.oauthbearer.expected.issuer = null
	sasl.oauthbearer.header.urlencode = false
	sasl.oauthbearer.jwks.endpoint.refresh.ms = 3600000
	sasl.oauthbearer.jwks.endpoint.retry.backoff.max.ms = 10000
	sasl.oauthbearer.jwks.endpoint.retry.backoff.ms = 100
	sasl.oauthbearer.jwks.endpoint.url = null
	sasl.oauthbearer.scope.claim.name = scope
	sasl.oauthbearer.sub.claim.name = sub
	sasl.oauthbearer.token.endpoint.url = null
	security.protocol = PLAINTEXT
	security.providers = null
	send.buffer.bytes = 131072
	session.timeout.ms = 45000
	socket.connection.setup.timeout.max.ms = 30000
	socket.connection.setup.timeout.ms = 10000
	ssl.cipher.suites = null
	ssl.enabled.protocols = [TLSv1.2, TLSv1.3]
	ssl.endpoint.identification.algorithm = https
	ssl.engine.factory.class = null
	ssl.key.password = null
	ssl.keymanager.algorithm = SunX509
	ssl.keystore.certificate.chain = null
	ssl.keystore.key = null
	ssl.keystore.location = null
	ssl.keystore.password = null
	ssl.keystore.type = JKS
	ssl.protocol = TLSv1.3
	ssl.provider = null
	ssl.secure.random.implementation = null
	ssl.trustmanager.algorithm = PKIX
	ssl.truststore.certificates = null
	ssl.truststore.location = null
	ssl.truststore.password = null
	ssl.truststore.type = JKS
	value.deserializer = class io.apicurio.registry.serde.avro.AvroKafkaDeserializer

2025-08-12 14:52:35,467 INFO  [org.apa.kaf.com.tel.int.KafkaMetricsCollector] (main) initializing Kafka metrics collector
2025-08-12 14:52:35,472 INFO  [org.apa.kaf.cli.con.ConsumerConfig] (main) These configurations '[apicurio.registry.url, apicurio.registry.use-id]' were supplied but are not used yet.
2025-08-12 14:52:35,473 INFO  [org.apa.kaf.com.uti.AppInfoParser] (main) Kafka version: 3.9.1
2025-08-12 14:52:35,473 INFO  [org.apa.kaf.com.uti.AppInfoParser] (main) Kafka commitId: f745dfdcee2b9851
2025-08-12 14:52:35,473 INFO  [org.apa.kaf.com.uti.AppInfoParser] (main) Kafka startTimeMs: 1755010355473
2025-08-12 14:52:35,473 INFO  [org.apa.kaf.cli.con.int.ClassicKafkaConsumer] (Thread-744) [Consumer clientId=consumer-Consumer-topic-05443c01_b9a9_4621_8adc_7b81504b48f1-18, groupId=Consumer-topic-05443c01_b9a9_4621_8adc_7b81504b48f1] Subscribed to topic(s): topic-05443c01_b9a9_4621_8adc_7b81504b48f1
2025-08-12 14:52:35,478 INFO  [org.apa.kaf.cli.Metadata] (Thread-744) [Consumer clientId=consumer-Consumer-topic-05443c01_b9a9_4621_8adc_7b81504b48f1-18, groupId=Consumer-topic-05443c01_b9a9_4621_8adc_7b81504b48f1] Cluster ID: FMImeSt9THyuSk_CoOu4HQ
2025-08-12 14:52:35,478 INFO  [org.apa.kaf.cli.con.int.ConsumerCoordinator] (Thread-744) [Consumer clientId=consumer-Consumer-topic-05443c01_b9a9_4621_8adc_7b81504b48f1-18, groupId=Consumer-topic-05443c01_b9a9_4621_8adc_7b81504b48f1] Discovered group coordinator localhost:32769 (id: 2147483647 rack: null)
2025-08-12 14:52:35,480 INFO  [org.apa.kaf.cli.con.int.ConsumerCoordinator] (Thread-744) [Consumer clientId=consumer-Consumer-topic-05443c01_b9a9_4621_8adc_7b81504b48f1-18, groupId=Consumer-topic-05443c01_b9a9_4621_8adc_7b81504b48f1] (Re-)joining group
2025-08-12 14:52:35,483 INFO  [org.apa.kaf.cli.con.int.ConsumerCoordinator] (Thread-744) [Consumer clientId=consumer-Consumer-topic-05443c01_b9a9_4621_8adc_7b81504b48f1-18, groupId=Consumer-topic-05443c01_b9a9_4621_8adc_7b81504b48f1] Request joining group due to: need to re-join with the given member-id: consumer-Consumer-topic-05443c01_b9a9_4621_8adc_7b81504b48f1-18-d1b415a2-1fa1-4553-a7da-1e7e529ddf39
2025-08-12 14:52:35,484 INFO  [org.apa.kaf.cli.con.int.ConsumerCoordinator] (Thread-744) [Consumer clientId=consumer-Consumer-topic-05443c01_b9a9_4621_8adc_7b81504b48f1-18, groupId=Consumer-topic-05443c01_b9a9_4621_8adc_7b81504b48f1] (Re-)joining group
2025-08-12 14:52:36,474 INFO  [io.api.tes.ser.api.KafkaSerdesTester] (Thread-744) None found
2025-08-12 14:52:37,474 INFO  [io.api.tes.ser.api.KafkaSerdesTester] (Thread-744) None found
2025-08-12 14:52:38,475 INFO  [io.api.tes.ser.api.KafkaSerdesTester] (Thread-744) None found
2025-08-12 14:52:38,485 INFO  [org.apa.kaf.cli.con.int.ConsumerCoordinator] (Thread-744) [Consumer clientId=consumer-Consumer-topic-05443c01_b9a9_4621_8adc_7b81504b48f1-18, groupId=Consumer-topic-05443c01_b9a9_4621_8adc_7b81504b48f1] Successfully joined group with generation Generation{generationId=1, memberId='consumer-Consumer-topic-05443c01_b9a9_4621_8adc_7b81504b48f1-18-d1b415a2-1fa1-4553-a7da-1e7e529ddf39', protocol='range'}
2025-08-12 14:52:38,485 INFO  [org.apa.kaf.cli.con.int.ConsumerCoordinator] (Thread-744) [Consumer clientId=consumer-Consumer-topic-05443c01_b9a9_4621_8adc_7b81504b48f1-18, groupId=Consumer-topic-05443c01_b9a9_4621_8adc_7b81504b48f1] Finished assignment for group at generation 1: {consumer-Consumer-topic-05443c01_b9a9_4621_8adc_7b81504b48f1-18-d1b415a2-1fa1-4553-a7da-1e7e529ddf39=Assignment(partitions=[topic-05443c01_b9a9_4621_8adc_7b81504b48f1-0])}
2025-08-12 14:52:38,492 INFO  [org.apa.kaf.cli.con.int.ConsumerCoordinator] (Thread-744) [Consumer clientId=consumer-Consumer-topic-05443c01_b9a9_4621_8adc_7b81504b48f1-18, groupId=Consumer-topic-05443c01_b9a9_4621_8adc_7b81504b48f1] Successfully synced group in generation Generation{generationId=1, memberId='consumer-Consumer-topic-05443c01_b9a9_4621_8adc_7b81504b48f1-18-d1b415a2-1fa1-4553-a7da-1e7e529ddf39', protocol='range'}
2025-08-12 14:52:38,492 INFO  [org.apa.kaf.cli.con.int.ConsumerCoordinator] (Thread-744) [Consumer clientId=consumer-Consumer-topic-05443c01_b9a9_4621_8adc_7b81504b48f1-18, groupId=Consumer-topic-05443c01_b9a9_4621_8adc_7b81504b48f1] Notifying assignor about the new Assignment(partitions=[topic-05443c01_b9a9_4621_8adc_7b81504b48f1-0])
2025-08-12 14:52:38,492 INFO  [org.apa.kaf.cli.con.int.ConsumerRebalanceListenerInvoker] (Thread-744) [Consumer clientId=consumer-Consumer-topic-05443c01_b9a9_4621_8adc_7b81504b48f1-18, groupId=Consumer-topic-05443c01_b9a9_4621_8adc_7b81504b48f1] Adding newly assigned partitions: topic-05443c01_b9a9_4621_8adc_7b81504b48f1-0
2025-08-12 14:52:38,493 INFO  [org.apa.kaf.cli.con.int.ConsumerCoordinator] (Thread-744) [Consumer clientId=consumer-Consumer-topic-05443c01_b9a9_4621_8adc_7b81504b48f1-18, groupId=Consumer-topic-05443c01_b9a9_4621_8adc_7b81504b48f1] Found no committed offset for partition topic-05443c01_b9a9_4621_8adc_7b81504b48f1-0
2025-08-12 14:52:38,496 INFO  [org.apa.kaf.cli.con.int.SubscriptionState] (Thread-744) [Consumer clientId=consumer-Consumer-topic-05443c01_b9a9_4621_8adc_7b81504b48f1-18, groupId=Consumer-topic-05443c01_b9a9_4621_8adc_7b81504b48f1] Resetting offset for partition topic-05443c01_b9a9_4621_8adc_7b81504b48f1-0 to position FetchPosition{offset=0, offsetEpoch=Optional.empty, currentLeader=LeaderAndEpoch{leader=Optional[localhost:32769 (id: 0 rack: null)], epoch=0}}.
2025-08-12 14:52:38,747 INFO  [io.api.tes.ser.api.KafkaSerdesTester] (Thread-744) topic-05443c01_b9a9_4621_8adc_7b81504b48f1 0 0 {"key11755010354953": "value-0"}
2025-08-12 14:52:38,747 INFO  [io.api.tes.ser.api.KafkaSerdesTester] (Thread-744) topic-05443c01_b9a9_4621_8adc_7b81504b48f1 0 1 {"key11755010354953": "value-1"}
2025-08-12 14:52:38,747 INFO  [io.api.tes.ser.api.KafkaSerdesTester] (Thread-744) topic-05443c01_b9a9_4621_8adc_7b81504b48f1 0 2 {"key11755010354953": "value-2"}
2025-08-12 14:52:38,747 INFO  [io.api.tes.ser.api.KafkaSerdesTester] (Thread-744) topic-05443c01_b9a9_4621_8adc_7b81504b48f1 0 3 {"key11755010354953": "value-3"}
2025-08-12 14:52:38,747 INFO  [io.api.tes.ser.api.KafkaSerdesTester] (Thread-744) topic-05443c01_b9a9_4621_8adc_7b81504b48f1 0 4 {"key11755010354953": "value-4"}
2025-08-12 14:52:38,747 INFO  [io.api.tes.ser.api.KafkaSerdesTester] (Thread-744) topic-05443c01_b9a9_4621_8adc_7b81504b48f1 0 5 {"key11755010354953": "value-5"}
2025-08-12 14:52:38,747 INFO  [io.api.tes.ser.api.KafkaSerdesTester] (Thread-744) topic-05443c01_b9a9_4621_8adc_7b81504b48f1 0 6 {"key11755010354953": "value-6"}
2025-08-12 14:52:38,747 INFO  [io.api.tes.ser.api.KafkaSerdesTester] (Thread-744) topic-05443c01_b9a9_4621_8adc_7b81504b48f1 0 7 {"key11755010354953": "value-7"}
2025-08-12 14:52:38,747 INFO  [io.api.tes.ser.api.KafkaSerdesTester] (Thread-744) topic-05443c01_b9a9_4621_8adc_7b81504b48f1 0 8 {"key11755010354953": "value-8"}
2025-08-12 14:52:38,747 INFO  [io.api.tes.ser.api.KafkaSerdesTester] (Thread-744) topic-05443c01_b9a9_4621_8adc_7b81504b48f1 0 9 {"key11755010354953": "value-9"}
2025-08-12 14:52:38,747 INFO  [io.api.tes.ser.api.KafkaSerdesTester] (Thread-744) Consumed 10 messages
2025-08-12 14:52:38,754 INFO  [org.apa.kaf.cli.con.int.ConsumerRebalanceListenerInvoker] (Thread-744) [Consumer clientId=consumer-Consumer-topic-05443c01_b9a9_4621_8adc_7b81504b48f1-18, groupId=Consumer-topic-05443c01_b9a9_4621_8adc_7b81504b48f1] Revoke previously assigned partitions topic-05443c01_b9a9_4621_8adc_7b81504b48f1-0
2025-08-12 14:52:38,754 INFO  [org.apa.kaf.cli.con.int.ConsumerCoordinator] (Thread-744) [Consumer clientId=consumer-Consumer-topic-05443c01_b9a9_4621_8adc_7b81504b48f1-18, groupId=Consumer-topic-05443c01_b9a9_4621_8adc_7b81504b48f1] Member consumer-Consumer-topic-05443c01_b9a9_4621_8adc_7b81504b48f1-18-d1b415a2-1fa1-4553-a7da-1e7e529ddf39 sending LeaveGroup request to coordinator localhost:32769 (id: 2147483647 rack: null) due to the consumer is being closed
2025-08-12 14:52:38,754 INFO  [org.apa.kaf.cli.con.int.ConsumerCoordinator] (Thread-744) [Consumer clientId=consumer-Consumer-topic-05443c01_b9a9_4621_8adc_7b81504b48f1-18, groupId=Consumer-topic-05443c01_b9a9_4621_8adc_7b81504b48f1] Resetting generation and member id due to: consumer pro-actively leaving the group
2025-08-12 14:52:38,754 INFO  [org.apa.kaf.cli.con.int.ConsumerCoordinator] (Thread-744) [Consumer clientId=consumer-Consumer-topic-05443c01_b9a9_4621_8adc_7b81504b48f1-18, groupId=Consumer-topic-05443c01_b9a9_4621_8adc_7b81504b48f1] Request joining group due to: consumer pro-actively leaving the group
2025-08-12 14:52:39,250 INFO  [org.apa.kaf.com.met.Metrics] (Thread-744) Metrics scheduler closed
2025-08-12 14:52:39,250 INFO  [org.apa.kaf.com.met.Metrics] (Thread-744) Closing reporter org.apache.kafka.common.metrics.JmxReporter
2025-08-12 14:52:39,250 INFO  [org.apa.kaf.com.met.Metrics] (Thread-744) Closing reporter org.apache.kafka.common.telemetry.internals.ClientTelemetryReporter
2025-08-12 14:52:39,250 INFO  [org.apa.kaf.com.met.Metrics] (Thread-744) Metrics reporters closed
2025-08-12 14:52:39,251 INFO  [org.apa.kaf.com.uti.AppInfoParser] (Thread-744) App info kafka.consumer for consumer-Consumer-topic-05443c01_b9a9_4621_8adc_7b81504b48f1-18 unregistered
2025-08-12 14:52:39,252 INFO  [io.api.tes.uti.TestSeparator] (main) io.apicurio.tests.serdes.apicurio.AvroSerdeIT.testGlobalIdInBody-FINISHED
2025-08-12 14:52:39,252 INFO  [io.api.tes.uti.TestSeparator] (main) ############################################################################
Test passed: testGlobalIdInBody
]]></system-out>
  </testcase>
  <testcase name="testProducerUsesGlobalIdConsumerUsesDefault" classname="io.apicurio.tests.serdes.apicurio.AvroSerdeIT" time="0.0">
    <skipped message="void io.apicurio.tests.serdes.apicurio.AvroSerdeIT.testProducerUsesGlobalIdConsumerUsesDefault() throws java.lang.Exception is @Disabled"/>
  </testcase>
</testsuite>