-------------------------------------------------------------------------------
Test set: io.apicurio.tests.smokeTests.apicurio.RulesResourceIT
-------------------------------------------------------------------------------
Tests run: 5, Failures: 0, Errors: 1, Skipped: 0, Time elapsed: 13.29 s <<< FAILURE! -- in io.apicurio.tests.smokeTests.apicurio.RulesResourceIT
io.apicurio.tests.smokeTests.apicurio.RulesResourceIT.createAndDeleteGlobalRules -- Time elapsed: 0.703 s <<< ERROR!
java.lang.RuntimeException: java.util.concurrent.ExecutionException: io.vertx.core.http.HttpClosedException: Connection was closed
	at io.kiota.http.vertx.VertXRequestAdapter.getHttpResponseMessage(VertXRequestAdapter.java:437)
	at io.kiota.http.vertx.VertXRequestAdapter.send(VertXRequestAdapter.java:167)
	at jdk.internal.reflect.GeneratedMethodAccessor33.invoke(Unknown Source)
	at java.base/jdk.internal.reflect.DelegatingMethodAccessorImpl.invoke(DelegatingMethodAccessorImpl.java:43)
	at java.base/java.lang.reflect.Method.invoke(Method.java:569)
	at io.apicurio.registry.client.RegistryClientFactory$RetryInvocationHandler.invoke(RegistryClientFactory.java:146)
	at jdk.proxy2/jdk.proxy2.$Proxy65.send(Unknown Source)
	at io.apicurio.registry.rest.client.admin.rules.item.WithRuleTypeItemRequestBuilder.get(WithRuleTypeItemRequestBuilder.java:82)
	at io.apicurio.registry.rest.client.admin.rules.item.WithRuleTypeItemRequestBuilder.get(WithRuleTypeItemRequestBuilder.java:67)
	at io.apicurio.tests.smokeTests.apicurio.RulesResourceIT.createAndDeleteGlobalRules(RulesResourceIT.java:64)
	at java.base/java.lang.reflect.Method.invoke(Method.java:569)
	at java.base/java.util.ArrayList.forEach(ArrayList.java:1511)
	at java.base/java.util.ArrayList.forEach(ArrayList.java:1511)
Caused by: java.util.concurrent.ExecutionException: io.vertx.core.http.HttpClosedException: Connection was closed
	at java.base/java.util.concurrent.CompletableFuture.reportGet(CompletableFuture.java:396)
	at java.base/java.util.concurrent.CompletableFuture.get(CompletableFuture.java:2073)
	at io.kiota.http.vertx.VertXRequestAdapter.getHttpResponseMessage(VertXRequestAdapter.java:431)
	... 12 more
Caused by: io.vertx.core.http.HttpClosedException: Connection was closed

