-------------------------------------------------------------------------------
Test set: io.apicurio.tests.smokeTests.apicurio.AllArtifactTypesIT
-------------------------------------------------------------------------------
Tests run: 7, Failures: 0, Errors: 2, Skipped: 0, Time elapsed: 33.93 s <<< FAILURE! -- in io.apicurio.tests.smokeTests.apicurio.AllArtifactTypesIT
io.apicurio.tests.smokeTests.apicurio.AllArtifactTypesIT.testOpenApi30 -- Time elapsed: 5.094 s <<< ERROR!
java.lang.RuntimeException: java.util.concurrent.ExecutionException: io.vertx.core.http.HttpClosedException: Connection was closed
	at io.kiota.http.vertx.VertXRequestAdapter.getHttpResponseMessage(VertXRequestAdapter.java:437)
	at io.kiota.http.vertx.VertXRequestAdapter.sendPrimitive(VertXRequestAdapter.java:193)
	at io.apicurio.registry.rest.client.admin.rules.RulesRequestBuilder.delete(RulesRequestBuilder.java:68)
	at io.apicurio.registry.rest.client.admin.rules.RulesRequestBuilder.delete(RulesRequestBuilder.java:57)
	at io.apicurio.tests.smokeTests.apicurio.AllArtifactTypesIT.deleteRules(AllArtifactTypesIT.java:160)
	at java.base/java.lang.reflect.Method.invoke(Method.java:569)
	at java.base/java.util.ArrayList.forEach(ArrayList.java:1511)
	at java.base/java.util.ArrayList.forEach(ArrayList.java:1511)
Caused by: java.util.concurrent.ExecutionException: io.vertx.core.http.HttpClosedException: Connection was closed
	at java.base/java.util.concurrent.CompletableFuture.reportGet(CompletableFuture.java:396)
	at java.base/java.util.concurrent.CompletableFuture.get(CompletableFuture.java:2073)
	at io.kiota.http.vertx.VertXRequestAdapter.getHttpResponseMessage(VertXRequestAdapter.java:431)
	... 7 more
Caused by: io.vertx.core.http.HttpClosedException: Connection was closed

io.apicurio.tests.smokeTests.apicurio.AllArtifactTypesIT.testAvro -- Time elapsed: 0.344 s <<< ERROR!
io.apicurio.registry.rest.client.models.ProblemDetails
	at io.apicurio.registry.rest.client.models.ProblemDetails.createFromDiscriminatorValue(ProblemDetails.java:58)
	at io.kiota.serialization.json.JsonParseNode.getObjectValue(JsonParseNode.java:247)
	at io.kiota.http.vertx.VertXRequestAdapter.lambda$throwIfFailedResponse$0(VertXRequestAdapter.java:400)
	at com.microsoft.kiota.ApiExceptionBuilder.<init>(ApiExceptionBuilder.java:26)
	at io.kiota.http.vertx.VertXRequestAdapter.throwIfFailedResponse(VertXRequestAdapter.java:399)
	at io.kiota.http.vertx.VertXRequestAdapter.sendPrimitive(VertXRequestAdapter.java:196)
	at io.apicurio.registry.rest.client.admin.rules.RulesRequestBuilder.post(RulesRequestBuilder.java:117)
	at io.apicurio.registry.rest.client.admin.rules.RulesRequestBuilder.post(RulesRequestBuilder.java:100)
	at io.apicurio.tests.smokeTests.apicurio.AllArtifactTypesIT.doTest(AllArtifactTypesIT.java:45)
	at io.apicurio.tests.smokeTests.apicurio.AllArtifactTypesIT.testAvro(AllArtifactTypesIT.java:116)
	at java.base/java.lang.reflect.Method.invoke(Method.java:569)
	at java.base/java.util.ArrayList.forEach(ArrayList.java:1511)
	at java.base/java.util.ArrayList.forEach(ArrayList.java:1511)

